#! /c/Source/iverilog-install/bin/vvp
:ivl_version "12.0 (devel)" "(s20150603-1539-g2693dd32b)";
:ivl_delay_selection "TYPICAL";
:vpi_time_precision - 12;
:vpi_module "D:\iverilog\lib\ivl\system.vpi";
:vpi_module "D:\iverilog\lib\ivl\vhdl_sys.vpi";
:vpi_module "D:\iverilog\lib\ivl\vhdl_textio.vpi";
:vpi_module "D:\iverilog\lib\ivl\v2005_math.vpi";
:vpi_module "D:\iverilog\lib\ivl\va_math.vpi";
S_00000253d0f52ca0 .scope module, "cpu_checker" "cpu_checker" 2 38;
 .timescale -9 -12;
    .port_info 0 /INPUT 1 "clk";
    .port_info 1 /INPUT 1 "reset";
    .port_info 2 /INPUT 8 "char";
    .port_info 3 /OUTPUT 2 "format_type";
L_00000253d10b00d0 .functor BUFT 1, C4<1>, C4<0>, C4<0>, C4<0>;
L_00000253d0fa19b0 .functor XNOR 1, v00000253d1001870_0, L_00000253d10b00d0, C4<0>, C4<0>;
L_00000253d0fa1a90 .functor AND 1, L_00000253d1001a50, L_00000253d0fa19b0, C4<1>, C4<1>;
L_00000253d10b01a8 .functor BUFT 1, C4<0>, C4<0>, C4<0>, C4<0>;
L_00000253d0fa1b70 .functor XNOR 1, v00000253d1001870_0, L_00000253d10b01a8, C4<0>, C4<0>;
L_00000253d0fa2190 .functor AND 1, L_00000253d1001af0, L_00000253d0fa1b70, C4<1>, C4<1>;
L_00000253d10b0088 .functor BUFT 1, C4<00001111>, C4<0>, C4<0>, C4<0>;
v00000253d0f53200_0 .net/2u *"_ivl_0", 7 0, L_00000253d10b0088;  1 drivers
L_00000253d10b0118 .functor BUFT 1, C4<10>, C4<0>, C4<0>, C4<0>;
v00000253d0f53420_0 .net/2u *"_ivl_10", 1 0, L_00000253d10b0118;  1 drivers
L_00000253d10b0160 .functor BUFT 1, C4<00001111>, C4<0>, C4<0>, C4<0>;
v00000253d0f52e30_0 .net/2u *"_ivl_12", 7 0, L_00000253d10b0160;  1 drivers
v00000253d1001190_0 .net *"_ivl_14", 0 0, L_00000253d1001af0;  1 drivers
v00000253d1001910_0 .net/2u *"_ivl_16", 0 0, L_00000253d10b01a8;  1 drivers
v00000253d1001eb0_0 .net *"_ivl_18", 0 0, L_00000253d0fa1b70;  1 drivers
v00000253d10014b0_0 .net *"_ivl_2", 0 0, L_00000253d1001a50;  1 drivers
v00000253d1001410_0 .net *"_ivl_21", 0 0, L_00000253d0fa2190;  1 drivers
L_00000253d10b01f0 .functor BUFT 1, C4<01>, C4<0>, C4<0>, C4<0>;
v00000253d1001550_0 .net/2u *"_ivl_22", 1 0, L_00000253d10b01f0;  1 drivers
L_00000253d10b0238 .functor BUFT 1, C4<00>, C4<0>, C4<0>, C4<0>;
v00000253d1001690_0 .net/2u *"_ivl_24", 1 0, L_00000253d10b0238;  1 drivers
v00000253d10010f0_0 .net *"_ivl_26", 1 0, L_00000253d1001b90;  1 drivers
v00000253d1001230_0 .net/2u *"_ivl_4", 0 0, L_00000253d10b00d0;  1 drivers
v00000253d1001cd0_0 .net *"_ivl_6", 0 0, L_00000253d0fa19b0;  1 drivers
v00000253d1001370_0 .net *"_ivl_9", 0 0, L_00000253d0fa1a90;  1 drivers
o00000253d0faa258 .functor BUFZ 8, C4<zzzzzzzz>; HiZ drive
v00000253d10017d0_0 .net "char", 7 0, o00000253d0faa258;  0 drivers
o00000253d0faa288 .functor BUFZ 1, C4<z>; HiZ drive
v00000253d1001c30_0 .net "clk", 0 0, o00000253d0faa288;  0 drivers
v00000253d10015f0_0 .net "format_type", 1 0, L_00000253d1001d70;  1 drivers
v00000253d1001730_0 .var "i", 3 0;
v00000253d1001870_0 .var "op", 0 0;
o00000253d0faa348 .functor BUFZ 1, C4<z>; HiZ drive
v00000253d10019b0_0 .net "reset", 0 0, o00000253d0faa348;  0 drivers
v00000253d10012d0_0 .var "status", 7 0;
E_00000253d0f81540 .event posedge, v00000253d1001c30_0;
L_00000253d1001a50 .cmp/eq 8, v00000253d10012d0_0, L_00000253d10b0088;
L_00000253d1001af0 .cmp/eq 8, v00000253d10012d0_0, L_00000253d10b0160;
L_00000253d1001b90 .functor MUXZ 2, L_00000253d10b0238, L_00000253d10b01f0, L_00000253d0fa2190, C4<>;
L_00000253d1001d70 .functor MUXZ 2, L_00000253d1001b90, L_00000253d10b0118, L_00000253d0fa1a90, C4<>;
    .scope S_00000253d0f52ca0;
T_0 ;
    %pushi/vec4 0, 0, 8;
    %assign/vec4 v00000253d10012d0_0, 0;
    %pushi/vec4 0, 0, 1;
    %assign/vec4 v00000253d1001870_0, 0;
    %pushi/vec4 0, 0, 4;
    %assign/vec4 v00000253d1001730_0, 0;
    %end;
    .thread T_0;
    .scope S_00000253d0f52ca0;
T_1 ;
    %wait E_00000253d0f81540;
    %load/vec4 v00000253d10019b0_0;
    %cmpi/e 1, 0, 1;
    %jmp/0xz  T_1.0, 4;
    %pushi/vec4 0, 0, 8;
    %assign/vec4 v00000253d10012d0_0, 0;
    %pushi/vec4 0, 0, 1;
    %assign/vec4 v00000253d1001870_0, 0;
    %pushi/vec4 0, 0, 4;
    %assign/vec4 v00000253d1001730_0, 0;
    %jmp T_1.1;
T_1.0 ;
    %load/vec4 v00000253d10012d0_0;
    %dup/vec4;
    %pushi/vec4 0, 0, 8;
    %cmp/u;
    %jmp/1 T_1.2, 6;
    %dup/vec4;
    %pushi/vec4 1, 0, 8;
    %cmp/u;
    %jmp/1 T_1.3, 6;
    %dup/vec4;
    %pushi/vec4 2, 0, 8;
    %cmp/u;
    %jmp/1 T_1.4, 6;
    %dup/vec4;
    %pushi/vec4 3, 0, 8;
    %cmp/u;
    %jmp/1 T_1.5, 6;
    %dup/vec4;
    %pushi/vec4 4, 0, 8;
    %cmp/u;
    %jmp/1 T_1.6, 6;
    %dup/vec4;
    %pushi/vec4 5, 0, 8;
    %cmp/u;
    %jmp/1 T_1.7, 6;
    %dup/vec4;
    %pushi/vec4 7, 0, 8;
    %cmp/u;
    %jmp/1 T_1.8, 6;
    %dup/vec4;
    %pushi/vec4 9, 0, 8;
    %cmp/u;
    %jmp/1 T_1.9, 6;
    %dup/vec4;
    %pushi/vec4 8, 0, 8;
    %cmp/u;
    %jmp/1 T_1.10, 6;
    %dup/vec4;
    %pushi/vec4 10, 0, 8;
    %cmp/u;
    %jmp/1 T_1.11, 6;
    %dup/vec4;
    %pushi/vec4 11, 0, 8;
    %cmp/u;
    %jmp/1 T_1.12, 6;
    %dup/vec4;
    %pushi/vec4 12, 0, 8;
    %cmp/u;
    %jmp/1 T_1.13, 6;
    %dup/vec4;
    %pushi/vec4 13, 0, 8;
    %cmp/u;
    %jmp/1 T_1.14, 6;
    %dup/vec4;
    %pushi/vec4 14, 0, 8;
    %cmp/u;
    %jmp/1 T_1.15, 6;
    %dup/vec4;
    %pushi/vec4 15, 0, 8;
    %cmp/u;
    %jmp/1 T_1.16, 6;
    %jmp T_1.17;
T_1.2 ;
    %load/vec4 v00000253d10017d0_0;
    %pushi/vec4 94, 0, 8; draw_string_vec4
    %cmp/e;
    %jmp/0xz  T_1.18, 4;
    %pushi/vec4 1, 0, 8;
    %assign/vec4 v00000253d10012d0_0, 0;
    %jmp T_1.19;
T_1.18 ;
    %pushi/vec4 0, 0, 8;
    %assign/vec4 v00000253d10012d0_0, 0;
T_1.19 ;
    %jmp T_1.17;
T_1.3 ;
    %pushi/vec4 48, 0, 8; draw_string_vec4
    %load/vec4 v00000253d10017d0_0;
    %cmp/u;
    %flag_or 5, 4;
    %flag_get/vec4 5;
    %jmp/0 T_1.22, 5;
    %load/vec4 v00000253d10017d0_0;
    %pushi/vec4 57, 0, 8; draw_string_vec4
    %cmp/u;
    %flag_get/vec4 4;
    %flag_get/vec4 5;
    %or;
    %and;
T_1.22;
    %flag_set/vec4 8;
    %jmp/0xz  T_1.20, 8;
    %pushi/vec4 2, 0, 8;
    %assign/vec4 v00000253d10012d0_0, 0;
    %pushi/vec4 1, 0, 4;
    %assign/vec4 v00000253d1001730_0, 0;
    %jmp T_1.21;
T_1.20 ;
    %load/vec4 v00000253d10017d0_0;
    %pushi/vec4 94, 0, 8; draw_string_vec4
    %cmp/e;
    %jmp/0xz  T_1.23, 4;
    %pushi/vec4 1, 0, 8;
    %assign/vec4 v00000253d10012d0_0, 0;
    %jmp T_1.24;
T_1.23 ;
    %pushi/vec4 0, 0, 8;
    %assign/vec4 v00000253d10012d0_0, 0;
T_1.24 ;
T_1.21 ;
    %jmp T_1.17;
T_1.4 ;
    %pushi/vec4 48, 0, 8; draw_string_vec4
    %load/vec4 v00000253d10017d0_0;
    %cmp/u;
    %flag_or 5, 4;
    %flag_get/vec4 5;
    %jmp/0 T_1.27, 5;
    %load/vec4 v00000253d10017d0_0;
    %pushi/vec4 57, 0, 8; draw_string_vec4
    %cmp/u;
    %flag_get/vec4 4;
    %flag_get/vec4 5;
    %or;
    %and;
T_1.27;
    %flag_set/vec4 8;
    %jmp/0xz  T_1.25, 8;
    %load/vec4 v00000253d1001730_0;
    %addi 1, 0, 4;
    %assign/vec4 v00000253d1001730_0, 0;
    %load/vec4 v00000253d1001730_0;
    %pad/u 32;
    %addi 1, 0, 32;
    %cmpi/u 4, 0, 32;
    %flag_or 5, 4;
    %jmp/0xz  T_1.28, 5;
    %pushi/vec4 2, 0, 8;
    %assign/vec4 v00000253d10012d0_0, 0;
    %jmp T_1.29;
T_1.28 ;
    %pushi/vec4 0, 0, 8;
    %assign/vec4 v00000253d10012d0_0, 0;
T_1.29 ;
    %jmp T_1.26;
T_1.25 ;
    %load/vec4 v00000253d10017d0_0;
    %pushi/vec4 64, 0, 8; draw_string_vec4
    %cmp/e;
    %jmp/0xz  T_1.30, 4;
    %pushi/vec4 3, 0, 8;
    %assign/vec4 v00000253d10012d0_0, 0;
    %jmp T_1.31;
T_1.30 ;
    %load/vec4 v00000253d10017d0_0;
    %pushi/vec4 94, 0, 8; draw_string_vec4
    %cmp/e;
    %jmp/0xz  T_1.32, 4;
    %pushi/vec4 1, 0, 8;
    %assign/vec4 v00000253d10012d0_0, 0;
    %jmp T_1.33;
T_1.32 ;
    %pushi/vec4 0, 0, 8;
    %assign/vec4 v00000253d10012d0_0, 0;
T_1.33 ;
T_1.31 ;
T_1.26 ;
    %jmp T_1.17;
T_1.5 ;
    %pushi/vec4 48, 0, 8; draw_string_vec4
    %load/vec4 v00000253d10017d0_0;
    %cmp/u;
    %flag_or 5, 4;
    %flag_get/vec4 5;
    %jmp/0 T_1.37, 5;
    %load/vec4 v00000253d10017d0_0;
    %pushi/vec4 57, 0, 8; draw_string_vec4
    %cmp/u;
    %flag_get/vec4 4;
    %flag_get/vec4 5;
    %or;
    %and;
T_1.37;
    %flag_set/vec4 8;
    %jmp/1 T_1.36, 8;
    %pushi/vec4 97, 0, 8; draw_string_vec4
    %load/vec4 v00000253d10017d0_0;
    %cmp/u;
    %flag_or 5, 4;
    %flag_get/vec4 5;
    %jmp/0 T_1.38, 5;
    %load/vec4 v00000253d10017d0_0;
    %pushi/vec4 102, 0, 8; draw_string_vec4
    %cmp/u;
    %flag_get/vec4 4;
    %flag_get/vec4 5;
    %or;
    %and;
T_1.38;
    %flag_set/vec4 9;
    %flag_or 8, 9;
T_1.36;
    %jmp/0xz  T_1.34, 8;
    %pushi/vec4 4, 0, 8;
    %assign/vec4 v00000253d10012d0_0, 0;
    %pushi/vec4 1, 0, 4;
    %assign/vec4 v00000253d1001730_0, 0;
    %jmp T_1.35;
T_1.34 ;
    %load/vec4 v00000253d10017d0_0;
    %pushi/vec4 94, 0, 8; draw_string_vec4
    %cmp/e;
    %jmp/0xz  T_1.39, 4;
    %pushi/vec4 1, 0, 8;
    %assign/vec4 v00000253d10012d0_0, 0;
    %jmp T_1.40;
T_1.39 ;
    %pushi/vec4 0, 0, 8;
    %assign/vec4 v00000253d10012d0_0, 0;
T_1.40 ;
T_1.35 ;
    %jmp T_1.17;
T_1.6 ;
    %pushi/vec4 48, 0, 8; draw_string_vec4
    %load/vec4 v00000253d10017d0_0;
    %cmp/u;
    %flag_or 5, 4;
    %flag_get/vec4 5;
    %jmp/0 T_1.44, 5;
    %load/vec4 v00000253d10017d0_0;
    %pushi/vec4 57, 0, 8; draw_string_vec4
    %cmp/u;
    %flag_get/vec4 4;
    %flag_get/vec4 5;
    %or;
    %and;
T_1.44;
    %flag_set/vec4 8;
    %jmp/1 T_1.43, 8;
    %pushi/vec4 97, 0, 8; draw_string_vec4
    %load/vec4 v00000253d10017d0_0;
    %cmp/u;
    %flag_or 5, 4;
    %flag_get/vec4 5;
    %jmp/0 T_1.45, 5;
    %load/vec4 v00000253d10017d0_0;
    %pushi/vec4 102, 0, 8; draw_string_vec4
    %cmp/u;
    %flag_get/vec4 4;
    %flag_get/vec4 5;
    %or;
    %and;
T_1.45;
    %flag_set/vec4 9;
    %flag_or 8, 9;
T_1.43;
    %jmp/0xz  T_1.41, 8;
    %pushi/vec4 4, 0, 8;
    %assign/vec4 v00000253d10012d0_0, 0;
    %pushi/vec4 1, 0, 4;
    %load/vec4 v00000253d1001730_0;
    %add;
    %assign/vec4 v00000253d1001730_0, 0;
    %jmp T_1.42;
T_1.41 ;
    %load/vec4 v00000253d1001730_0;
    %cmpi/e 8, 0, 4;
    %flag_get/vec4 4;
    %jmp/0 T_1.48, 4;
    %load/vec4 v00000253d10017d0_0;
    %pushi/vec4 58, 0, 8; draw_string_vec4
    %cmp/e;
    %flag_get/vec4 4;
    %and;
T_1.48;
    %flag_set/vec4 8;
    %jmp/0xz  T_1.46, 8;
    %pushi/vec4 5, 0, 8;
    %assign/vec4 v00000253d10012d0_0, 0;
    %jmp T_1.47;
T_1.46 ;
    %load/vec4 v00000253d10017d0_0;
    %pushi/vec4 94, 0, 8; draw_string_vec4
    %cmp/e;
    %jmp/0xz  T_1.49, 4;
    %pushi/vec4 1, 0, 8;
    %assign/vec4 v00000253d10012d0_0, 0;
    %jmp T_1.50;
T_1.49 ;
    %pushi/vec4 0, 0, 8;
    %assign/vec4 v00000253d10012d0_0, 0;
T_1.50 ;
T_1.47 ;
T_1.42 ;
    %jmp T_1.17;
T_1.7 ;
    %load/vec4 v00000253d10017d0_0;
    %pushi/vec4 32, 0, 8; draw_string_vec4
    %cmp/e;
    %jmp/0xz  T_1.51, 4;
    %pushi/vec4 5, 0, 8;
    %assign/vec4 v00000253d10012d0_0, 0;
    %jmp T_1.52;
T_1.51 ;
    %load/vec4 v00000253d10017d0_0;
    %pushi/vec4 36, 0, 8; draw_string_vec4
    %cmp/e;
    %jmp/0xz  T_1.53, 4;
    %pushi/vec4 7, 0, 8;
    %assign/vec4 v00000253d10012d0_0, 0;
    %pushi/vec4 0, 0, 1;
    %assign/vec4 v00000253d1001870_0, 0;
    %jmp T_1.54;
T_1.53 ;
    %load/vec4 v00000253d10017d0_0;
    %pushi/vec4 42, 0, 8; draw_string_vec4
    %cmp/e;
    %jmp/0xz  T_1.55, 4;
    %pushi/vec4 8, 0, 8;
    %assign/vec4 v00000253d10012d0_0, 0;
    %pushi/vec4 1, 0, 1;
    %assign/vec4 v00000253d1001870_0, 0;
    %jmp T_1.56;
T_1.55 ;
    %load/vec4 v00000253d10017d0_0;
    %pushi/vec4 94, 0, 8; draw_string_vec4
    %cmp/e;
    %jmp/0xz  T_1.57, 4;
    %pushi/vec4 1, 0, 8;
    %assign/vec4 v00000253d10012d0_0, 0;
    %jmp T_1.58;
T_1.57 ;
    %pushi/vec4 0, 0, 8;
    %assign/vec4 v00000253d10012d0_0, 0;
T_1.58 ;
T_1.56 ;
T_1.54 ;
T_1.52 ;
    %jmp T_1.17;
T_1.8 ;
    %pushi/vec4 48, 0, 8; draw_string_vec4
    %load/vec4 v00000253d10017d0_0;
    %cmp/u;
    %flag_or 5, 4;
    %flag_get/vec4 5;
    %jmp/0 T_1.61, 5;
    %load/vec4 v00000253d10017d0_0;
    %pushi/vec4 57, 0, 8; draw_string_vec4
    %cmp/u;
    %flag_get/vec4 4;
    %flag_get/vec4 5;
    %or;
    %and;
T_1.61;
    %flag_set/vec4 8;
    %jmp/0xz  T_1.59, 8;
    %pushi/vec4 9, 0, 8;
    %assign/vec4 v00000253d10012d0_0, 0;
    %pushi/vec4 1, 0, 4;
    %assign/vec4 v00000253d1001730_0, 0;
    %jmp T_1.60;
T_1.59 ;
    %load/vec4 v00000253d10017d0_0;
    %pushi/vec4 94, 0, 8; draw_string_vec4
    %cmp/e;
    %jmp/0xz  T_1.62, 4;
    %pushi/vec4 1, 0, 8;
    %assign/vec4 v00000253d10012d0_0, 0;
    %jmp T_1.63;
T_1.62 ;
    %pushi/vec4 0, 0, 8;
    %assign/vec4 v00000253d10012d0_0, 0;
T_1.63 ;
T_1.60 ;
    %jmp T_1.17;
T_1.9 ;
    %pushi/vec4 48, 0, 8; draw_string_vec4
    %load/vec4 v00000253d10017d0_0;
    %cmp/u;
    %flag_or 5, 4;
    %flag_get/vec4 5;
    %jmp/0 T_1.66, 5;
    %load/vec4 v00000253d10017d0_0;
    %pushi/vec4 57, 0, 8; draw_string_vec4
    %cmp/u;
    %flag_get/vec4 4;
    %flag_get/vec4 5;
    %or;
    %and;
T_1.66;
    %flag_set/vec4 8;
    %jmp/0xz  T_1.64, 8;
    %load/vec4 v00000253d1001730_0;
    %addi 1, 0, 4;
    %assign/vec4 v00000253d1001730_0, 0;
    %load/vec4 v00000253d1001730_0;
    %pad/u 32;
    %addi 1, 0, 32;
    %cmpi/u 4, 0, 32;
    %flag_or 5, 4;
    %jmp/0xz  T_1.67, 5;
    %pushi/vec4 9, 0, 8;
    %assign/vec4 v00000253d10012d0_0, 0;
    %jmp T_1.68;
T_1.67 ;
    %pushi/vec4 0, 0, 8;
    %assign/vec4 v00000253d10012d0_0, 0;
T_1.68 ;
    %jmp T_1.65;
T_1.64 ;
    %load/vec4 v00000253d10017d0_0;
    %pushi/vec4 32, 0, 8; draw_string_vec4
    %cmp/e;
    %jmp/0xz  T_1.69, 4;
    %pushi/vec4 11, 0, 8;
    %assign/vec4 v00000253d10012d0_0, 0;
    %jmp T_1.70;
T_1.69 ;
    %load/vec4 v00000253d10017d0_0;
    %pushi/vec4 60, 0, 8; draw_string_vec4
    %cmp/e;
    %jmp/0xz  T_1.71, 4;
    %pushi/vec4 12, 0, 8;
    %assign/vec4 v00000253d10012d0_0, 0;
    %jmp T_1.72;
T_1.71 ;
    %load/vec4 v00000253d10017d0_0;
    %pushi/vec4 94, 0, 8; draw_string_vec4
    %cmp/e;
    %jmp/0xz  T_1.73, 4;
    %pushi/vec4 1, 0, 8;
    %assign/vec4 v00000253d10012d0_0, 0;
    %jmp T_1.74;
T_1.73 ;
    %pushi/vec4 0, 0, 8;
    %assign/vec4 v00000253d10012d0_0, 0;
T_1.74 ;
T_1.72 ;
T_1.70 ;
T_1.65 ;
    %jmp T_1.17;
T_1.10 ;
    %pushi/vec4 48, 0, 8; draw_string_vec4
    %load/vec4 v00000253d10017d0_0;
    %cmp/u;
    %flag_or 5, 4;
    %flag_get/vec4 5;
    %jmp/0 T_1.78, 5;
    %load/vec4 v00000253d10017d0_0;
    %pushi/vec4 57, 0, 8; draw_string_vec4
    %cmp/u;
    %flag_get/vec4 4;
    %flag_get/vec4 5;
    %or;
    %and;
T_1.78;
    %flag_set/vec4 8;
    %jmp/1 T_1.77, 8;
    %pushi/vec4 97, 0, 8; draw_string_vec4
    %load/vec4 v00000253d10017d0_0;
    %cmp/u;
    %flag_or 5, 4;
    %flag_get/vec4 5;
    %jmp/0 T_1.79, 5;
    %load/vec4 v00000253d10017d0_0;
    %pushi/vec4 102, 0, 8; draw_string_vec4
    %cmp/u;
    %flag_get/vec4 4;
    %flag_get/vec4 5;
    %or;
    %and;
T_1.79;
    %flag_set/vec4 9;
    %flag_or 8, 9;
T_1.77;
    %jmp/0xz  T_1.75, 8;
    %pushi/vec4 10, 0, 8;
    %assign/vec4 v00000253d10012d0_0, 0;
    %pushi/vec4 1, 0, 4;
    %store/vec4 v00000253d1001730_0, 0, 4;
    %jmp T_1.76;
T_1.75 ;
    %load/vec4 v00000253d10017d0_0;
    %pushi/vec4 94, 0, 8; draw_string_vec4
    %cmp/e;
    %jmp/0xz  T_1.80, 4;
    %pushi/vec4 1, 0, 8;
    %assign/vec4 v00000253d10012d0_0, 0;
    %jmp T_1.81;
T_1.80 ;
    %pushi/vec4 0, 0, 8;
    %assign/vec4 v00000253d10012d0_0, 0;
T_1.81 ;
T_1.76 ;
    %jmp T_1.17;
T_1.11 ;
    %pushi/vec4 48, 0, 8; draw_string_vec4
    %load/vec4 v00000253d10017d0_0;
    %cmp/u;
    %flag_or 5, 4;
    %flag_get/vec4 5;
    %jmp/0 T_1.85, 5;
    %load/vec4 v00000253d10017d0_0;
    %pushi/vec4 57, 0, 8; draw_string_vec4
    %cmp/u;
    %flag_get/vec4 4;
    %flag_get/vec4 5;
    %or;
    %and;
T_1.85;
    %flag_set/vec4 8;
    %jmp/1 T_1.84, 8;
    %pushi/vec4 97, 0, 8; draw_string_vec4
    %load/vec4 v00000253d10017d0_0;
    %cmp/u;
    %flag_or 5, 4;
    %flag_get/vec4 5;
    %jmp/0 T_1.86, 5;
    %load/vec4 v00000253d10017d0_0;
    %pushi/vec4 102, 0, 8; draw_string_vec4
    %cmp/u;
    %flag_get/vec4 4;
    %flag_get/vec4 5;
    %or;
    %and;
T_1.86;
    %flag_set/vec4 9;
    %flag_or 8, 9;
T_1.84;
    %jmp/0xz  T_1.82, 8;
    %pushi/vec4 10, 0, 8;
    %assign/vec4 v00000253d10012d0_0, 0;
    %pushi/vec4 1, 0, 4;
    %load/vec4 v00000253d1001730_0;
    %add;
    %assign/vec4 v00000253d1001730_0, 0;
    %jmp T_1.83;
T_1.82 ;
    %load/vec4 v00000253d1001730_0;
    %cmpi/e 8, 0, 4;
    %flag_get/vec4 4;
    %jmp/0 T_1.89, 4;
    %load/vec4 v00000253d10017d0_0;
    %pushi/vec4 32, 0, 8; draw_string_vec4
    %cmp/e;
    %flag_get/vec4 4;
    %and;
T_1.89;
    %flag_set/vec4 8;
    %jmp/0xz  T_1.87, 8;
    %pushi/vec4 11, 0, 8;
    %assign/vec4 v00000253d10012d0_0, 0;
    %jmp T_1.88;
T_1.87 ;
    %load/vec4 v00000253d1001730_0;
    %cmpi/e 8, 0, 4;
    %flag_get/vec4 4;
    %jmp/0 T_1.92, 4;
    %load/vec4 v00000253d10017d0_0;
    %pushi/vec4 60, 0, 8; draw_string_vec4
    %cmp/e;
    %flag_get/vec4 4;
    %and;
T_1.92;
    %flag_set/vec4 8;
    %jmp/0xz  T_1.90, 8;
    %pushi/vec4 12, 0, 8;
    %assign/vec4 v00000253d10012d0_0, 0;
    %jmp T_1.91;
T_1.90 ;
    %load/vec4 v00000253d10017d0_0;
    %pushi/vec4 94, 0, 8; draw_string_vec4
    %cmp/e;
    %jmp/0xz  T_1.93, 4;
    %pushi/vec4 1, 0, 8;
    %assign/vec4 v00000253d10012d0_0, 0;
    %jmp T_1.94;
T_1.93 ;
    %pushi/vec4 0, 0, 8;
    %assign/vec4 v00000253d10012d0_0, 0;
T_1.94 ;
T_1.91 ;
T_1.88 ;
T_1.83 ;
    %jmp T_1.17;
T_1.12 ;
    %load/vec4 v00000253d10017d0_0;
    %pushi/vec4 60, 0, 8; draw_string_vec4
    %cmp/e;
    %jmp/0xz  T_1.95, 4;
    %pushi/vec4 12, 0, 8;
    %assign/vec4 v00000253d10012d0_0, 0;
    %jmp T_1.96;
T_1.95 ;
    %load/vec4 v00000253d10017d0_0;
    %pushi/vec4 32, 0, 8; draw_string_vec4
    %cmp/e;
    %jmp/0xz  T_1.97, 4;
    %pushi/vec4 11, 0, 8;
    %assign/vec4 v00000253d10012d0_0, 0;
    %jmp T_1.98;
T_1.97 ;
    %load/vec4 v00000253d10017d0_0;
    %pushi/vec4 94, 0, 8; draw_string_vec4
    %cmp/e;
    %jmp/0xz  T_1.99, 4;
    %pushi/vec4 1, 0, 8;
    %assign/vec4 v00000253d10012d0_0, 0;
    %jmp T_1.100;
T_1.99 ;
    %pushi/vec4 0, 0, 8;
    %assign/vec4 v00000253d10012d0_0, 0;
T_1.100 ;
T_1.98 ;
T_1.96 ;
    %jmp T_1.17;
T_1.13 ;
    %load/vec4 v00000253d10017d0_0;
    %pushi/vec4 61, 0, 8; draw_string_vec4
    %cmp/e;
    %jmp/0xz  T_1.101, 4;
    %pushi/vec4 13, 0, 8;
    %assign/vec4 v00000253d10012d0_0, 0;
    %jmp T_1.102;
T_1.101 ;
    %load/vec4 v00000253d10017d0_0;
    %pushi/vec4 94, 0, 8; draw_string_vec4
    %cmp/e;
    %jmp/0xz  T_1.103, 4;
    %pushi/vec4 1, 0, 8;
    %assign/vec4 v00000253d10012d0_0, 0;
    %jmp T_1.104;
T_1.103 ;
    %pushi/vec4 0, 0, 8;
    %assign/vec4 v00000253d10012d0_0, 0;
T_1.104 ;
T_1.102 ;
    %jmp T_1.17;
T_1.14 ;
    %load/vec4 v00000253d10017d0_0;
    %pushi/vec4 32, 0, 8; draw_string_vec4
    %cmp/e;
    %jmp/0xz  T_1.105, 4;
    %pushi/vec4 13, 0, 8;
    %assign/vec4 v00000253d10012d0_0, 0;
    %jmp T_1.106;
T_1.105 ;
    %pushi/vec4 48, 0, 8; draw_string_vec4
    %load/vec4 v00000253d10017d0_0;
    %cmp/u;
    %flag_or 5, 4;
    %flag_get/vec4 5;
    %jmp/0 T_1.110, 5;
    %load/vec4 v00000253d10017d0_0;
    %pushi/vec4 57, 0, 8; draw_string_vec4
    %cmp/u;
    %flag_get/vec4 4;
    %flag_get/vec4 5;
    %or;
    %and;
T_1.110;
    %flag_set/vec4 8;
    %jmp/1 T_1.109, 8;
    %pushi/vec4 97, 0, 8; draw_string_vec4
    %load/vec4 v00000253d10017d0_0;
    %cmp/u;
    %flag_or 5, 4;
    %flag_get/vec4 5;
    %jmp/0 T_1.111, 5;
    %load/vec4 v00000253d10017d0_0;
    %pushi/vec4 102, 0, 8; draw_string_vec4
    %cmp/u;
    %flag_get/vec4 4;
    %flag_get/vec4 5;
    %or;
    %and;
T_1.111;
    %flag_set/vec4 9;
    %flag_or 8, 9;
T_1.109;
    %jmp/0xz  T_1.107, 8;
    %pushi/vec4 14, 0, 8;
    %assign/vec4 v00000253d10012d0_0, 0;
    %pushi/vec4 1, 0, 4;
    %assign/vec4 v00000253d1001730_0, 0;
    %jmp T_1.108;
T_1.107 ;
    %load/vec4 v00000253d10017d0_0;
    %pushi/vec4 94, 0, 8; draw_string_vec4
    %cmp/e;
    %jmp/0xz  T_1.112, 4;
    %pushi/vec4 1, 0, 8;
    %assign/vec4 v00000253d10012d0_0, 0;
    %jmp T_1.113;
T_1.112 ;
    %pushi/vec4 0, 0, 8;
    %assign/vec4 v00000253d10012d0_0, 0;
T_1.113 ;
T_1.108 ;
T_1.106 ;
    %jmp T_1.17;
T_1.15 ;
    %pushi/vec4 48, 0, 8; draw_string_vec4
    %load/vec4 v00000253d10017d0_0;
    %cmp/u;
    %flag_or 5, 4;
    %flag_get/vec4 5;
    %jmp/0 T_1.117, 5;
    %load/vec4 v00000253d10017d0_0;
    %pushi/vec4 57, 0, 8; draw_string_vec4
    %cmp/u;
    %flag_get/vec4 4;
    %flag_get/vec4 5;
    %or;
    %and;
T_1.117;
    %flag_set/vec4 8;
    %jmp/1 T_1.116, 8;
    %pushi/vec4 97, 0, 8; draw_string_vec4
    %load/vec4 v00000253d10017d0_0;
    %cmp/u;
    %flag_or 5, 4;
    %flag_get/vec4 5;
    %jmp/0 T_1.118, 5;
    %load/vec4 v00000253d10017d0_0;
    %pushi/vec4 102, 0, 8; draw_string_vec4
    %cmp/u;
    %flag_get/vec4 4;
    %flag_get/vec4 5;
    %or;
    %and;
T_1.118;
    %flag_set/vec4 9;
    %flag_or 8, 9;
T_1.116;
    %jmp/0xz  T_1.114, 8;
    %pushi/vec4 14, 0, 8;
    %assign/vec4 v00000253d10012d0_0, 0;
    %pushi/vec4 1, 0, 4;
    %load/vec4 v00000253d1001730_0;
    %add;
    %assign/vec4 v00000253d1001730_0, 0;
    %jmp T_1.115;
T_1.114 ;
    %load/vec4 v00000253d1001730_0;
    %cmpi/e 8, 0, 4;
    %flag_get/vec4 4;
    %jmp/0 T_1.121, 4;
    %load/vec4 v00000253d10017d0_0;
    %pushi/vec4 35, 0, 8; draw_string_vec4
    %cmp/e;
    %flag_get/vec4 4;
    %and;
T_1.121;
    %flag_set/vec4 8;
    %jmp/0xz  T_1.119, 8;
    %pushi/vec4 15, 0, 8;
    %assign/vec4 v00000253d10012d0_0, 0;
    %jmp T_1.120;
T_1.119 ;
    %load/vec4 v00000253d10017d0_0;
    %pushi/vec4 94, 0, 8; draw_string_vec4
    %cmp/e;
    %jmp/0xz  T_1.122, 4;
    %pushi/vec4 1, 0, 8;
    %assign/vec4 v00000253d10012d0_0, 0;
    %jmp T_1.123;
T_1.122 ;
    %pushi/vec4 0, 0, 8;
    %assign/vec4 v00000253d10012d0_0, 0;
T_1.123 ;
T_1.120 ;
T_1.115 ;
    %jmp T_1.17;
T_1.16 ;
    %load/vec4 v00000253d10017d0_0;
    %pushi/vec4 94, 0, 8; draw_string_vec4
    %cmp/e;
    %jmp/0xz  T_1.124, 4;
    %pushi/vec4 1, 0, 8;
    %assign/vec4 v00000253d10012d0_0, 0;
    %jmp T_1.125;
T_1.124 ;
    %pushi/vec4 0, 0, 8;
    %assign/vec4 v00000253d10012d0_0, 0;
T_1.125 ;
    %jmp T_1.17;
T_1.17 ;
    %pop/vec4 1;
T_1.1 ;
    %jmp T_1;
    .thread T_1;
# The file index is used to find the file name in the following table.
:file_names 3;
    "N/A";
    "<interactive>";
    "cpu_checker.v";
