#! /c/Source/iverilog-install/bin/vvp
:ivl_version "12.0 (devel)" "(s20150603-1539-g2693dd32b)";
:ivl_delay_selection "TYPICAL";
:vpi_time_precision - 12;
:vpi_module "D:\iverilog\lib\ivl\system.vpi";
:vpi_module "D:\iverilog\lib\ivl\vhdl_sys.vpi";
:vpi_module "D:\iverilog\lib\ivl\vhdl_textio.vpi";
:vpi_module "D:\iverilog\lib\ivl\v2005_math.vpi";
:vpi_module "D:\iverilog\lib\ivl\va_math.vpi";
S_000002200d2b2660 .scope module, "tb" "tb" 2 3;
 .timescale -9 -12;
v000002200d3bcdc0_0 .var "char", 7 0;
v000002200d3bce60_0 .var "clk", 0 0;
v000002200d3bcf00_0 .var "finish", 0 0;
v000002200d3bcfa0_0 .net "format_type", 1 0, L_000002200d405f20;  1 drivers
v000002200d3bc140_0 .var "freq", 15 0;
v000002200d3bc280_0 .var "reset", 0 0;
S_000002200d2b4ca0 .scope module, "uut" "cpu_checker" 2 18, 3 38 0, S_000002200d2b2660;
 .timescale -9 -12;
    .port_info 0 /INPUT 1 "clk";
    .port_info 1 /INPUT 1 "reset";
    .port_info 2 /INPUT 8 "char";
    .port_info 3 /OUTPUT 2 "format_type";
L_000002200d3bd150 .functor BUFT 1, C4<1>, C4<0>, C4<0>, C4<0>;
L_000002200d32ddc0 .functor XNOR 1, v000002200d3bc6e0_0, L_000002200d3bd150, C4<0>, C4<0>;
L_000002200d32df80 .functor AND 1, L_000002200d3bc3c0, L_000002200d32ddc0, C4<1>, C4<1>;
L_000002200d3bd228 .functor BUFT 1, C4<0>, C4<0>, C4<0>, C4<0>;
L_000002200d40a910 .functor XNOR 1, v000002200d3bc6e0_0, L_000002200d3bd228, C4<0>, C4<0>;
L_000002200d408df0 .functor AND 1, L_000002200d405340, L_000002200d40a910, C4<1>, C4<1>;
L_000002200d3bd108 .functor BUFT 1, C4<00001111>, C4<0>, C4<0>, C4<0>;
v000002200d283240_0 .net/2u *"_ivl_0", 7 0, L_000002200d3bd108;  1 drivers
L_000002200d3bd198 .functor BUFT 1, C4<10>, C4<0>, C4<0>, C4<0>;
v000002200d283460_0 .net/2u *"_ivl_10", 1 0, L_000002200d3bd198;  1 drivers
L_000002200d3bd1e0 .functor BUFT 1, C4<00001111>, C4<0>, C4<0>, C4<0>;
v000002200d33b3f0_0 .net/2u *"_ivl_12", 7 0, L_000002200d3bd1e0;  1 drivers
v000002200d3bc820_0 .net *"_ivl_14", 0 0, L_000002200d405340;  1 drivers
v000002200d3bcaa0_0 .net/2u *"_ivl_16", 0 0, L_000002200d3bd228;  1 drivers
v000002200d3bd040_0 .net *"_ivl_18", 0 0, L_000002200d40a910;  1 drivers
v000002200d3bcb40_0 .net *"_ivl_2", 0 0, L_000002200d3bc3c0;  1 drivers
v000002200d3bc460_0 .net *"_ivl_21", 0 0, L_000002200d408df0;  1 drivers
L_000002200d3bd270 .functor BUFT 1, C4<01>, C4<0>, C4<0>, C4<0>;
v000002200d3bc500_0 .net/2u *"_ivl_22", 1 0, L_000002200d3bd270;  1 drivers
L_000002200d3bd2b8 .functor BUFT 1, C4<00>, C4<0>, C4<0>, C4<0>;
v000002200d3bc780_0 .net/2u *"_ivl_24", 1 0, L_000002200d3bd2b8;  1 drivers
v000002200d3bc5a0_0 .net *"_ivl_26", 1 0, L_000002200d406880;  1 drivers
v000002200d3bc640_0 .net/2u *"_ivl_4", 0 0, L_000002200d3bd150;  1 drivers
v000002200d3bcbe0_0 .net *"_ivl_6", 0 0, L_000002200d32ddc0;  1 drivers
v000002200d3bc8c0_0 .net *"_ivl_9", 0 0, L_000002200d32df80;  1 drivers
v000002200d3bc960_0 .net "char", 7 0, v000002200d3bcdc0_0;  1 drivers
v000002200d3bcc80_0 .net "clk", 0 0, v000002200d3bce60_0;  1 drivers
v000002200d3bcd20_0 .net "format_type", 1 0, L_000002200d405f20;  alias, 1 drivers
v000002200d3bca00_0 .var "i", 3 0;
v000002200d3bc6e0_0 .var "op", 0 0;
v000002200d3bc1e0_0 .net "reset", 0 0, v000002200d3bc280_0;  1 drivers
v000002200d3bc320_0 .var "status", 7 0;
E_000002200d34bf90 .event posedge, v000002200d3bcc80_0;
L_000002200d3bc3c0 .cmp/eq 8, v000002200d3bc320_0, L_000002200d3bd108;
L_000002200d405340 .cmp/eq 8, v000002200d3bc320_0, L_000002200d3bd1e0;
L_000002200d406880 .functor MUXZ 2, L_000002200d3bd2b8, L_000002200d3bd270, L_000002200d408df0, C4<>;
L_000002200d405f20 .functor MUXZ 2, L_000002200d406880, L_000002200d3bd198, L_000002200d32df80, C4<>;
    .scope S_000002200d2b4ca0;
T_0 ;
    %pushi/vec4 0, 0, 8;
    %assign/vec4 v000002200d3bc320_0, 0;
    %pushi/vec4 0, 0, 1;
    %assign/vec4 v000002200d3bc6e0_0, 0;
    %pushi/vec4 0, 0, 4;
    %assign/vec4 v000002200d3bca00_0, 0;
    %end;
    .thread T_0;
    .scope S_000002200d2b4ca0;
T_1 ;
    %wait E_000002200d34bf90;
    %load/vec4 v000002200d3bc1e0_0;
    %cmpi/e 1, 0, 1;
    %jmp/0xz  T_1.0, 4;
    %pushi/vec4 0, 0, 8;
    %assign/vec4 v000002200d3bc320_0, 0;
    %pushi/vec4 0, 0, 1;
    %assign/vec4 v000002200d3bc6e0_0, 0;
    %pushi/vec4 0, 0, 4;
    %assign/vec4 v000002200d3bca00_0, 0;
    %jmp T_1.1;
T_1.0 ;
    %load/vec4 v000002200d3bc320_0;
    %dup/vec4;
    %pushi/vec4 0, 0, 8;
    %cmp/u;
    %jmp/1 T_1.2, 6;
    %dup/vec4;
    %pushi/vec4 1, 0, 8;
    %cmp/u;
    %jmp/1 T_1.3, 6;
    %dup/vec4;
    %pushi/vec4 2, 0, 8;
    %cmp/u;
    %jmp/1 T_1.4, 6;
    %dup/vec4;
    %pushi/vec4 3, 0, 8;
    %cmp/u;
    %jmp/1 T_1.5, 6;
    %dup/vec4;
    %pushi/vec4 4, 0, 8;
    %cmp/u;
    %jmp/1 T_1.6, 6;
    %dup/vec4;
    %pushi/vec4 5, 0, 8;
    %cmp/u;
    %jmp/1 T_1.7, 6;
    %dup/vec4;
    %pushi/vec4 7, 0, 8;
    %cmp/u;
    %jmp/1 T_1.8, 6;
    %dup/vec4;
    %pushi/vec4 9, 0, 8;
    %cmp/u;
    %jmp/1 T_1.9, 6;
    %dup/vec4;
    %pushi/vec4 8, 0, 8;
    %cmp/u;
    %jmp/1 T_1.10, 6;
    %dup/vec4;
    %pushi/vec4 10, 0, 8;
    %cmp/u;
    %jmp/1 T_1.11, 6;
    %dup/vec4;
    %pushi/vec4 11, 0, 8;
    %cmp/u;
    %jmp/1 T_1.12, 6;
    %dup/vec4;
    %pushi/vec4 12, 0, 8;
    %cmp/u;
    %jmp/1 T_1.13, 6;
    %dup/vec4;
    %pushi/vec4 13, 0, 8;
    %cmp/u;
    %jmp/1 T_1.14, 6;
    %dup/vec4;
    %pushi/vec4 14, 0, 8;
    %cmp/u;
    %jmp/1 T_1.15, 6;
    %dup/vec4;
    %pushi/vec4 15, 0, 8;
    %cmp/u;
    %jmp/1 T_1.16, 6;
    %jmp T_1.17;
T_1.2 ;
    %load/vec4 v000002200d3bc960_0;
    %pushi/vec4 94, 0, 8; draw_string_vec4
    %cmp/e;
    %jmp/0xz  T_1.18, 4;
    %pushi/vec4 1, 0, 8;
    %assign/vec4 v000002200d3bc320_0, 0;
    %jmp T_1.19;
T_1.18 ;
    %pushi/vec4 0, 0, 8;
    %assign/vec4 v000002200d3bc320_0, 0;
T_1.19 ;
    %jmp T_1.17;
T_1.3 ;
    %pushi/vec4 48, 0, 8; draw_string_vec4
    %load/vec4 v000002200d3bc960_0;
    %cmp/u;
    %flag_or 5, 4;
    %flag_get/vec4 5;
    %jmp/0 T_1.22, 5;
    %load/vec4 v000002200d3bc960_0;
    %pushi/vec4 57, 0, 8; draw_string_vec4
    %cmp/u;
    %flag_get/vec4 4;
    %flag_get/vec4 5;
    %or;
    %and;
T_1.22;
    %flag_set/vec4 8;
    %jmp/0xz  T_1.20, 8;
    %pushi/vec4 2, 0, 8;
    %assign/vec4 v000002200d3bc320_0, 0;
    %pushi/vec4 1, 0, 4;
    %assign/vec4 v000002200d3bca00_0, 0;
    %jmp T_1.21;
T_1.20 ;
    %load/vec4 v000002200d3bc960_0;
    %pushi/vec4 94, 0, 8; draw_string_vec4
    %cmp/e;
    %jmp/0xz  T_1.23, 4;
    %pushi/vec4 1, 0, 8;
    %assign/vec4 v000002200d3bc320_0, 0;
    %jmp T_1.24;
T_1.23 ;
    %pushi/vec4 0, 0, 8;
    %assign/vec4 v000002200d3bc320_0, 0;
T_1.24 ;
T_1.21 ;
    %jmp T_1.17;
T_1.4 ;
    %pushi/vec4 48, 0, 8; draw_string_vec4
    %load/vec4 v000002200d3bc960_0;
    %cmp/u;
    %flag_or 5, 4;
    %flag_get/vec4 5;
    %jmp/0 T_1.27, 5;
    %load/vec4 v000002200d3bc960_0;
    %pushi/vec4 57, 0, 8; draw_string_vec4
    %cmp/u;
    %flag_get/vec4 4;
    %flag_get/vec4 5;
    %or;
    %and;
T_1.27;
    %flag_set/vec4 8;
    %jmp/0xz  T_1.25, 8;
    %load/vec4 v000002200d3bca00_0;
    %addi 1, 0, 4;
    %assign/vec4 v000002200d3bca00_0, 0;
    %load/vec4 v000002200d3bca00_0;
    %cmpi/u 4, 0, 4;
    %flag_or 5, 4;
    %jmp/0xz  T_1.28, 5;
    %pushi/vec4 2, 0, 8;
    %assign/vec4 v000002200d3bc320_0, 0;
    %jmp T_1.29;
T_1.28 ;
    %pushi/vec4 0, 0, 8;
    %assign/vec4 v000002200d3bc320_0, 0;
T_1.29 ;
    %jmp T_1.26;
T_1.25 ;
    %load/vec4 v000002200d3bc960_0;
    %pushi/vec4 64, 0, 8; draw_string_vec4
    %cmp/e;
    %jmp/0xz  T_1.30, 4;
    %pushi/vec4 3, 0, 8;
    %assign/vec4 v000002200d3bc320_0, 0;
    %jmp T_1.31;
T_1.30 ;
    %load/vec4 v000002200d3bc960_0;
    %pushi/vec4 94, 0, 8; draw_string_vec4
    %cmp/e;
    %jmp/0xz  T_1.32, 4;
    %pushi/vec4 1, 0, 8;
    %assign/vec4 v000002200d3bc320_0, 0;
    %jmp T_1.33;
T_1.32 ;
    %pushi/vec4 0, 0, 8;
    %assign/vec4 v000002200d3bc320_0, 0;
T_1.33 ;
T_1.31 ;
T_1.26 ;
    %jmp T_1.17;
T_1.5 ;
    %pushi/vec4 48, 0, 8; draw_string_vec4
    %load/vec4 v000002200d3bc960_0;
    %cmp/u;
    %flag_or 5, 4;
    %flag_get/vec4 5;
    %jmp/0 T_1.37, 5;
    %load/vec4 v000002200d3bc960_0;
    %pushi/vec4 57, 0, 8; draw_string_vec4
    %cmp/u;
    %flag_get/vec4 4;
    %flag_get/vec4 5;
    %or;
    %and;
T_1.37;
    %flag_set/vec4 8;
    %jmp/1 T_1.36, 8;
    %pushi/vec4 97, 0, 8; draw_string_vec4
    %load/vec4 v000002200d3bc960_0;
    %cmp/u;
    %flag_or 5, 4;
    %flag_get/vec4 5;
    %jmp/0 T_1.38, 5;
    %load/vec4 v000002200d3bc960_0;
    %pushi/vec4 102, 0, 8; draw_string_vec4
    %cmp/u;
    %flag_get/vec4 4;
    %flag_get/vec4 5;
    %or;
    %and;
T_1.38;
    %flag_set/vec4 9;
    %flag_or 8, 9;
T_1.36;
    %jmp/0xz  T_1.34, 8;
    %pushi/vec4 4, 0, 8;
    %assign/vec4 v000002200d3bc320_0, 0;
    %pushi/vec4 1, 0, 4;
    %assign/vec4 v000002200d3bca00_0, 0;
    %jmp T_1.35;
T_1.34 ;
    %load/vec4 v000002200d3bc960_0;
    %pushi/vec4 94, 0, 8; draw_string_vec4
    %cmp/e;
    %jmp/0xz  T_1.39, 4;
    %pushi/vec4 1, 0, 8;
    %assign/vec4 v000002200d3bc320_0, 0;
    %jmp T_1.40;
T_1.39 ;
    %pushi/vec4 0, 0, 8;
    %assign/vec4 v000002200d3bc320_0, 0;
T_1.40 ;
T_1.35 ;
    %jmp T_1.17;
T_1.6 ;
    %pushi/vec4 48, 0, 8; draw_string_vec4
    %load/vec4 v000002200d3bc960_0;
    %cmp/u;
    %flag_or 5, 4;
    %flag_get/vec4 5;
    %jmp/0 T_1.44, 5;
    %load/vec4 v000002200d3bc960_0;
    %pushi/vec4 57, 0, 8; draw_string_vec4
    %cmp/u;
    %flag_get/vec4 4;
    %flag_get/vec4 5;
    %or;
    %and;
T_1.44;
    %flag_set/vec4 8;
    %jmp/1 T_1.43, 8;
    %pushi/vec4 97, 0, 8; draw_string_vec4
    %load/vec4 v000002200d3bc960_0;
    %cmp/u;
    %flag_or 5, 4;
    %flag_get/vec4 5;
    %jmp/0 T_1.45, 5;
    %load/vec4 v000002200d3bc960_0;
    %pushi/vec4 102, 0, 8; draw_string_vec4
    %cmp/u;
    %flag_get/vec4 4;
    %flag_get/vec4 5;
    %or;
    %and;
T_1.45;
    %flag_set/vec4 9;
    %flag_or 8, 9;
T_1.43;
    %jmp/0xz  T_1.41, 8;
    %pushi/vec4 4, 0, 8;
    %assign/vec4 v000002200d3bc320_0, 0;
    %pushi/vec4 1, 0, 4;
    %load/vec4 v000002200d3bca00_0;
    %add;
    %assign/vec4 v000002200d3bca00_0, 0;
    %jmp T_1.42;
T_1.41 ;
    %load/vec4 v000002200d3bca00_0;
    %cmpi/e 8, 0, 4;
    %flag_get/vec4 4;
    %jmp/0 T_1.48, 4;
    %load/vec4 v000002200d3bc960_0;
    %pushi/vec4 58, 0, 8; draw_string_vec4
    %cmp/e;
    %flag_get/vec4 4;
    %and;
T_1.48;
    %flag_set/vec4 8;
    %jmp/0xz  T_1.46, 8;
    %pushi/vec4 5, 0, 8;
    %assign/vec4 v000002200d3bc320_0, 0;
    %jmp T_1.47;
T_1.46 ;
    %load/vec4 v000002200d3bc960_0;
    %pushi/vec4 94, 0, 8; draw_string_vec4
    %cmp/e;
    %jmp/0xz  T_1.49, 4;
    %pushi/vec4 1, 0, 8;
    %assign/vec4 v000002200d3bc320_0, 0;
    %jmp T_1.50;
T_1.49 ;
    %pushi/vec4 0, 0, 8;
    %assign/vec4 v000002200d3bc320_0, 0;
T_1.50 ;
T_1.47 ;
T_1.42 ;
    %jmp T_1.17;
T_1.7 ;
    %load/vec4 v000002200d3bc960_0;
    %pushi/vec4 32, 0, 8; draw_string_vec4
    %cmp/e;
    %jmp/0xz  T_1.51, 4;
    %pushi/vec4 5, 0, 8;
    %assign/vec4 v000002200d3bc320_0, 0;
    %jmp T_1.52;
T_1.51 ;
    %load/vec4 v000002200d3bc960_0;
    %pushi/vec4 36, 0, 8; draw_string_vec4
    %cmp/e;
    %jmp/0xz  T_1.53, 4;
    %pushi/vec4 7, 0, 8;
    %assign/vec4 v000002200d3bc320_0, 0;
    %pushi/vec4 0, 0, 1;
    %assign/vec4 v000002200d3bc6e0_0, 0;
    %jmp T_1.54;
T_1.53 ;
    %load/vec4 v000002200d3bc960_0;
    %pushi/vec4 42, 0, 8; draw_string_vec4
    %cmp/e;
    %jmp/0xz  T_1.55, 4;
    %pushi/vec4 8, 0, 8;
    %assign/vec4 v000002200d3bc320_0, 0;
    %pushi/vec4 1, 0, 1;
    %assign/vec4 v000002200d3bc6e0_0, 0;
    %jmp T_1.56;
T_1.55 ;
    %load/vec4 v000002200d3bc960_0;
    %pushi/vec4 94, 0, 8; draw_string_vec4
    %cmp/e;
    %jmp/0xz  T_1.57, 4;
    %pushi/vec4 1, 0, 8;
    %assign/vec4 v000002200d3bc320_0, 0;
    %jmp T_1.58;
T_1.57 ;
    %pushi/vec4 0, 0, 8;
    %assign/vec4 v000002200d3bc320_0, 0;
T_1.58 ;
T_1.56 ;
T_1.54 ;
T_1.52 ;
    %jmp T_1.17;
T_1.8 ;
    %pushi/vec4 48, 0, 8; draw_string_vec4
    %load/vec4 v000002200d3bc960_0;
    %cmp/u;
    %flag_or 5, 4;
    %flag_get/vec4 5;
    %jmp/0 T_1.61, 5;
    %load/vec4 v000002200d3bc960_0;
    %pushi/vec4 57, 0, 8; draw_string_vec4
    %cmp/u;
    %flag_get/vec4 4;
    %flag_get/vec4 5;
    %or;
    %and;
T_1.61;
    %flag_set/vec4 8;
    %jmp/0xz  T_1.59, 8;
    %pushi/vec4 9, 0, 8;
    %assign/vec4 v000002200d3bc320_0, 0;
    %pushi/vec4 2, 0, 4;
    %assign/vec4 v000002200d3bca00_0, 0;
    %jmp T_1.60;
T_1.59 ;
    %load/vec4 v000002200d3bc960_0;
    %pushi/vec4 94, 0, 8; draw_string_vec4
    %cmp/e;
    %jmp/0xz  T_1.62, 4;
    %pushi/vec4 1, 0, 8;
    %assign/vec4 v000002200d3bc320_0, 0;
    %jmp T_1.63;
T_1.62 ;
    %pushi/vec4 0, 0, 8;
    %assign/vec4 v000002200d3bc320_0, 0;
T_1.63 ;
T_1.60 ;
    %jmp T_1.17;
T_1.9 ;
    %pushi/vec4 48, 0, 8; draw_string_vec4
    %load/vec4 v000002200d3bc960_0;
    %cmp/u;
    %flag_or 5, 4;
    %flag_get/vec4 5;
    %jmp/0 T_1.66, 5;
    %load/vec4 v000002200d3bc960_0;
    %pushi/vec4 57, 0, 8; draw_string_vec4
    %cmp/u;
    %flag_get/vec4 4;
    %flag_get/vec4 5;
    %or;
    %and;
T_1.66;
    %flag_set/vec4 8;
    %jmp/0xz  T_1.64, 8;
    %load/vec4 v000002200d3bca00_0;
    %addi 1, 0, 4;
    %assign/vec4 v000002200d3bca00_0, 0;
    %load/vec4 v000002200d3bca00_0;
    %cmpi/u 4, 0, 4;
    %flag_or 5, 4;
    %jmp/0xz  T_1.67, 5;
    %pushi/vec4 9, 0, 8;
    %assign/vec4 v000002200d3bc320_0, 0;
    %jmp T_1.68;
T_1.67 ;
    %pushi/vec4 0, 0, 8;
    %assign/vec4 v000002200d3bc320_0, 0;
T_1.68 ;
    %jmp T_1.65;
T_1.64 ;
    %load/vec4 v000002200d3bc960_0;
    %pushi/vec4 32, 0, 8; draw_string_vec4
    %cmp/e;
    %jmp/0xz  T_1.69, 4;
    %pushi/vec4 11, 0, 8;
    %assign/vec4 v000002200d3bc320_0, 0;
    %jmp T_1.70;
T_1.69 ;
    %load/vec4 v000002200d3bc960_0;
    %pushi/vec4 60, 0, 8; draw_string_vec4
    %cmp/e;
    %jmp/0xz  T_1.71, 4;
    %pushi/vec4 12, 0, 8;
    %assign/vec4 v000002200d3bc320_0, 0;
    %jmp T_1.72;
T_1.71 ;
    %load/vec4 v000002200d3bc960_0;
    %pushi/vec4 94, 0, 8; draw_string_vec4
    %cmp/e;
    %jmp/0xz  T_1.73, 4;
    %pushi/vec4 1, 0, 8;
    %assign/vec4 v000002200d3bc320_0, 0;
    %jmp T_1.74;
T_1.73 ;
    %pushi/vec4 0, 0, 8;
    %assign/vec4 v000002200d3bc320_0, 0;
T_1.74 ;
T_1.72 ;
T_1.70 ;
T_1.65 ;
    %jmp T_1.17;
T_1.10 ;
    %pushi/vec4 48, 0, 8; draw_string_vec4
    %load/vec4 v000002200d3bc960_0;
    %cmp/u;
    %flag_or 5, 4;
    %flag_get/vec4 5;
    %jmp/0 T_1.78, 5;
    %load/vec4 v000002200d3bc960_0;
    %pushi/vec4 57, 0, 8; draw_string_vec4
    %cmp/u;
    %flag_get/vec4 4;
    %flag_get/vec4 5;
    %or;
    %and;
T_1.78;
    %flag_set/vec4 8;
    %jmp/1 T_1.77, 8;
    %pushi/vec4 97, 0, 8; draw_string_vec4
    %load/vec4 v000002200d3bc960_0;
    %cmp/u;
    %flag_or 5, 4;
    %flag_get/vec4 5;
    %jmp/0 T_1.79, 5;
    %load/vec4 v000002200d3bc960_0;
    %pushi/vec4 102, 0, 8; draw_string_vec4
    %cmp/u;
    %flag_get/vec4 4;
    %flag_get/vec4 5;
    %or;
    %and;
T_1.79;
    %flag_set/vec4 9;
    %flag_or 8, 9;
T_1.77;
    %jmp/0xz  T_1.75, 8;
    %pushi/vec4 10, 0, 8;
    %assign/vec4 v000002200d3bc320_0, 0;
    %pushi/vec4 1, 0, 4;
    %store/vec4 v000002200d3bca00_0, 0, 4;
    %jmp T_1.76;
T_1.75 ;
    %load/vec4 v000002200d3bc960_0;
    %pushi/vec4 94, 0, 8; draw_string_vec4
    %cmp/e;
    %jmp/0xz  T_1.80, 4;
    %pushi/vec4 1, 0, 8;
    %assign/vec4 v000002200d3bc320_0, 0;
    %jmp T_1.81;
T_1.80 ;
    %pushi/vec4 0, 0, 8;
    %assign/vec4 v000002200d3bc320_0, 0;
T_1.81 ;
T_1.76 ;
    %jmp T_1.17;
T_1.11 ;
    %pushi/vec4 48, 0, 8; draw_string_vec4
    %load/vec4 v000002200d3bc960_0;
    %cmp/u;
    %flag_or 5, 4;
    %flag_get/vec4 5;
    %jmp/0 T_1.85, 5;
    %load/vec4 v000002200d3bc960_0;
    %pushi/vec4 57, 0, 8; draw_string_vec4
    %cmp/u;
    %flag_get/vec4 4;
    %flag_get/vec4 5;
    %or;
    %and;
T_1.85;
    %flag_set/vec4 8;
    %jmp/1 T_1.84, 8;
    %pushi/vec4 97, 0, 8; draw_string_vec4
    %load/vec4 v000002200d3bc960_0;
    %cmp/u;
    %flag_or 5, 4;
    %flag_get/vec4 5;
    %jmp/0 T_1.86, 5;
    %load/vec4 v000002200d3bc960_0;
    %pushi/vec4 102, 0, 8; draw_string_vec4
    %cmp/u;
    %flag_get/vec4 4;
    %flag_get/vec4 5;
    %or;
    %and;
T_1.86;
    %flag_set/vec4 9;
    %flag_or 8, 9;
T_1.84;
    %jmp/0xz  T_1.82, 8;
    %pushi/vec4 10, 0, 8;
    %assign/vec4 v000002200d3bc320_0, 0;
    %pushi/vec4 1, 0, 4;
    %load/vec4 v000002200d3bca00_0;
    %add;
    %assign/vec4 v000002200d3bca00_0, 0;
    %jmp T_1.83;
T_1.82 ;
    %load/vec4 v000002200d3bca00_0;
    %cmpi/e 8, 0, 4;
    %flag_get/vec4 4;
    %jmp/0 T_1.89, 4;
    %load/vec4 v000002200d3bc960_0;
    %pushi/vec4 32, 0, 8; draw_string_vec4
    %cmp/e;
    %flag_get/vec4 4;
    %and;
T_1.89;
    %flag_set/vec4 8;
    %jmp/0xz  T_1.87, 8;
    %pushi/vec4 11, 0, 8;
    %assign/vec4 v000002200d3bc320_0, 0;
    %jmp T_1.88;
T_1.87 ;
    %load/vec4 v000002200d3bca00_0;
    %cmpi/e 8, 0, 4;
    %flag_get/vec4 4;
    %jmp/0 T_1.92, 4;
    %load/vec4 v000002200d3bc960_0;
    %pushi/vec4 60, 0, 8; draw_string_vec4
    %cmp/e;
    %flag_get/vec4 4;
    %and;
T_1.92;
    %flag_set/vec4 8;
    %jmp/0xz  T_1.90, 8;
    %pushi/vec4 12, 0, 8;
    %assign/vec4 v000002200d3bc320_0, 0;
    %jmp T_1.91;
T_1.90 ;
    %load/vec4 v000002200d3bc960_0;
    %pushi/vec4 94, 0, 8; draw_string_vec4
    %cmp/e;
    %jmp/0xz  T_1.93, 4;
    %pushi/vec4 1, 0, 8;
    %assign/vec4 v000002200d3bc320_0, 0;
    %jmp T_1.94;
T_1.93 ;
    %pushi/vec4 0, 0, 8;
    %assign/vec4 v000002200d3bc320_0, 0;
T_1.94 ;
T_1.91 ;
T_1.88 ;
T_1.83 ;
    %jmp T_1.17;
T_1.12 ;
    %load/vec4 v000002200d3bc960_0;
    %pushi/vec4 60, 0, 8; draw_string_vec4
    %cmp/e;
    %jmp/0xz  T_1.95, 4;
    %pushi/vec4 12, 0, 8;
    %assign/vec4 v000002200d3bc320_0, 0;
    %jmp T_1.96;
T_1.95 ;
    %load/vec4 v000002200d3bc960_0;
    %pushi/vec4 32, 0, 8; draw_string_vec4
    %cmp/e;
    %jmp/0xz  T_1.97, 4;
    %pushi/vec4 11, 0, 8;
    %assign/vec4 v000002200d3bc320_0, 0;
    %jmp T_1.98;
T_1.97 ;
    %load/vec4 v000002200d3bc960_0;
    %pushi/vec4 94, 0, 8; draw_string_vec4
    %cmp/e;
    %jmp/0xz  T_1.99, 4;
    %pushi/vec4 1, 0, 8;
    %assign/vec4 v000002200d3bc320_0, 0;
    %jmp T_1.100;
T_1.99 ;
    %pushi/vec4 0, 0, 8;
    %assign/vec4 v000002200d3bc320_0, 0;
T_1.100 ;
T_1.98 ;
T_1.96 ;
    %jmp T_1.17;
T_1.13 ;
    %load/vec4 v000002200d3bc960_0;
    %pushi/vec4 61, 0, 8; draw_string_vec4
    %cmp/e;
    %jmp/0xz  T_1.101, 4;
    %pushi/vec4 13, 0, 8;
    %assign/vec4 v000002200d3bc320_0, 0;
    %jmp T_1.102;
T_1.101 ;
    %load/vec4 v000002200d3bc960_0;
    %pushi/vec4 94, 0, 8; draw_string_vec4
    %cmp/e;
    %jmp/0xz  T_1.103, 4;
    %pushi/vec4 1, 0, 8;
    %assign/vec4 v000002200d3bc320_0, 0;
    %jmp T_1.104;
T_1.103 ;
    %pushi/vec4 0, 0, 8;
    %assign/vec4 v000002200d3bc320_0, 0;
T_1.104 ;
T_1.102 ;
    %jmp T_1.17;
T_1.14 ;
    %load/vec4 v000002200d3bc960_0;
    %pushi/vec4 32, 0, 8; draw_string_vec4
    %cmp/e;
    %jmp/0xz  T_1.105, 4;
    %pushi/vec4 13, 0, 8;
    %assign/vec4 v000002200d3bc320_0, 0;
    %jmp T_1.106;
T_1.105 ;
    %pushi/vec4 48, 0, 8; draw_string_vec4
    %load/vec4 v000002200d3bc960_0;
    %cmp/u;
    %flag_or 5, 4;
    %flag_get/vec4 5;
    %jmp/0 T_1.110, 5;
    %load/vec4 v000002200d3bc960_0;
    %pushi/vec4 57, 0, 8; draw_string_vec4
    %cmp/u;
    %flag_get/vec4 4;
    %flag_get/vec4 5;
    %or;
    %and;
T_1.110;
    %flag_set/vec4 8;
    %jmp/1 T_1.109, 8;
    %pushi/vec4 97, 0, 8; draw_string_vec4
    %load/vec4 v000002200d3bc960_0;
    %cmp/u;
    %flag_or 5, 4;
    %flag_get/vec4 5;
    %jmp/0 T_1.111, 5;
    %load/vec4 v000002200d3bc960_0;
    %pushi/vec4 102, 0, 8; draw_string_vec4
    %cmp/u;
    %flag_get/vec4 4;
    %flag_get/vec4 5;
    %or;
    %and;
T_1.111;
    %flag_set/vec4 9;
    %flag_or 8, 9;
T_1.109;
    %jmp/0xz  T_1.107, 8;
    %pushi/vec4 14, 0, 8;
    %assign/vec4 v000002200d3bc320_0, 0;
    %pushi/vec4 1, 0, 4;
    %assign/vec4 v000002200d3bca00_0, 0;
    %jmp T_1.108;
T_1.107 ;
    %load/vec4 v000002200d3bc960_0;
    %pushi/vec4 94, 0, 8; draw_string_vec4
    %cmp/e;
    %jmp/0xz  T_1.112, 4;
    %pushi/vec4 1, 0, 8;
    %assign/vec4 v000002200d3bc320_0, 0;
    %jmp T_1.113;
T_1.112 ;
    %pushi/vec4 0, 0, 8;
    %assign/vec4 v000002200d3bc320_0, 0;
T_1.113 ;
T_1.108 ;
T_1.106 ;
    %jmp T_1.17;
T_1.15 ;
    %pushi/vec4 48, 0, 8; draw_string_vec4
    %load/vec4 v000002200d3bc960_0;
    %cmp/u;
    %flag_or 5, 4;
    %flag_get/vec4 5;
    %jmp/0 T_1.117, 5;
    %load/vec4 v000002200d3bc960_0;
    %pushi/vec4 57, 0, 8; draw_string_vec4
    %cmp/u;
    %flag_get/vec4 4;
    %flag_get/vec4 5;
    %or;
    %and;
T_1.117;
    %flag_set/vec4 8;
    %jmp/1 T_1.116, 8;
    %pushi/vec4 97, 0, 8; draw_string_vec4
    %load/vec4 v000002200d3bc960_0;
    %cmp/u;
    %flag_or 5, 4;
    %flag_get/vec4 5;
    %jmp/0 T_1.118, 5;
    %load/vec4 v000002200d3bc960_0;
    %pushi/vec4 102, 0, 8; draw_string_vec4
    %cmp/u;
    %flag_get/vec4 4;
    %flag_get/vec4 5;
    %or;
    %and;
T_1.118;
    %flag_set/vec4 9;
    %flag_or 8, 9;
T_1.116;
    %jmp/0xz  T_1.114, 8;
    %pushi/vec4 14, 0, 8;
    %assign/vec4 v000002200d3bc320_0, 0;
    %pushi/vec4 1, 0, 4;
    %load/vec4 v000002200d3bca00_0;
    %add;
    %assign/vec4 v000002200d3bca00_0, 0;
    %jmp T_1.115;
T_1.114 ;
    %load/vec4 v000002200d3bca00_0;
    %cmpi/e 8, 0, 4;
    %flag_get/vec4 4;
    %jmp/0 T_1.121, 4;
    %load/vec4 v000002200d3bc960_0;
    %pushi/vec4 35, 0, 8; draw_string_vec4
    %cmp/e;
    %flag_get/vec4 4;
    %and;
T_1.121;
    %flag_set/vec4 8;
    %jmp/0xz  T_1.119, 8;
    %pushi/vec4 15, 0, 8;
    %assign/vec4 v000002200d3bc320_0, 0;
    %jmp T_1.120;
T_1.119 ;
    %load/vec4 v000002200d3bc960_0;
    %pushi/vec4 94, 0, 8; draw_string_vec4
    %cmp/e;
    %jmp/0xz  T_1.122, 4;
    %pushi/vec4 1, 0, 8;
    %assign/vec4 v000002200d3bc320_0, 0;
    %jmp T_1.123;
T_1.122 ;
    %pushi/vec4 0, 0, 8;
    %assign/vec4 v000002200d3bc320_0, 0;
T_1.123 ;
T_1.120 ;
T_1.115 ;
    %jmp T_1.17;
T_1.16 ;
    %load/vec4 v000002200d3bc960_0;
    %pushi/vec4 94, 0, 8; draw_string_vec4
    %cmp/e;
    %jmp/0xz  T_1.124, 4;
    %pushi/vec4 1, 0, 8;
    %assign/vec4 v000002200d3bc320_0, 0;
    %jmp T_1.125;
T_1.124 ;
    %pushi/vec4 0, 0, 8;
    %assign/vec4 v000002200d3bc320_0, 0;
T_1.125 ;
    %jmp T_1.17;
T_1.17 ;
    %pop/vec4 1;
T_1.1 ;
    %jmp T_1;
    .thread T_1;
    .scope S_000002200d2b2660;
T_2 ;
    %wait E_000002200d34bf90;
    %load/vec4 v000002200d3bc280_0;
    %nor/r;
    %flag_set/vec4 9;
    %flag_get/vec4 9;
    %jmp/0 T_2.2, 9;
    %load/vec4 v000002200d3bcf00_0;
    %nor/r;
    %and;
T_2.2;
    %flag_set/vec4 8;
    %jmp/0xz  T_2.0, 8;
    %vpi_call 2 14 "$dumpfile", "test.vcd" {0 0 0};
    %vpi_call 2 15 "$dumpvars" {0 0 0};
T_2.0 ;
    %jmp T_2;
    .thread T_2;
    .scope S_000002200d2b2660;
T_3 ;
    %pushi/vec4 0, 0, 1;
    %store/vec4 v000002200d3bce60_0, 0, 1;
    %pushi/vec4 1, 0, 1;
    %store/vec4 v000002200d3bc280_0, 0, 1;
    %pushi/vec4 0, 0, 8;
    %store/vec4 v000002200d3bcdc0_0, 0, 8;
    %pushi/vec4 2, 0, 16;
    %store/vec4 v000002200d3bc140_0, 0, 16;
    %pushi/vec4 0, 0, 1;
    %store/vec4 v000002200d3bcf00_0, 0, 1;
    %delay 10000, 0;
    %pushi/vec4 0, 0, 1;
    %store/vec4 v000002200d3bc280_0, 0, 1;
    %delay 2000, 0;
    %pushi/vec4 94, 0, 8; draw_string_vec4
    %store/vec4 v000002200d3bcdc0_0, 0, 8;
    %delay 2000, 0;
    %pushi/vec4 50, 0, 8; draw_string_vec4
    %store/vec4 v000002200d3bcdc0_0, 0, 8;
    %delay 2000, 0;
    %pushi/vec4 52, 0, 8; draw_string_vec4
    %store/vec4 v000002200d3bcdc0_0, 0, 8;
    %delay 2000, 0;
    %pushi/vec4 50, 0, 8; draw_string_vec4
    %store/vec4 v000002200d3bcdc0_0, 0, 8;
    %delay 2000, 0;
    %pushi/vec4 64, 0, 8; draw_string_vec4
    %store/vec4 v000002200d3bcdc0_0, 0, 8;
    %delay 2000, 0;
    %pushi/vec4 48, 0, 8; draw_string_vec4
    %store/vec4 v000002200d3bcdc0_0, 0, 8;
    %delay 2000, 0;
    %pushi/vec4 48, 0, 8; draw_string_vec4
    %store/vec4 v000002200d3bcdc0_0, 0, 8;
    %delay 2000, 0;
    %pushi/vec4 48, 0, 8; draw_string_vec4
    %store/vec4 v000002200d3bcdc0_0, 0, 8;
    %delay 2000, 0;
    %pushi/vec4 48, 0, 8; draw_string_vec4
    %store/vec4 v000002200d3bcdc0_0, 0, 8;
    %delay 2000, 0;
    %pushi/vec4 51, 0, 8; draw_string_vec4
    %store/vec4 v000002200d3bcdc0_0, 0, 8;
    %delay 2000, 0;
    %pushi/vec4 48, 0, 8; draw_string_vec4
    %store/vec4 v000002200d3bcdc0_0, 0, 8;
    %delay 2000, 0;
    %pushi/vec4 102, 0, 8; draw_string_vec4
    %store/vec4 v000002200d3bcdc0_0, 0, 8;
    %delay 2000, 0;
    %pushi/vec4 52, 0, 8; draw_string_vec4
    %store/vec4 v000002200d3bcdc0_0, 0, 8;
    %delay 2000, 0;
    %pushi/vec4 58, 0, 8; draw_string_vec4
    %store/vec4 v000002200d3bcdc0_0, 0, 8;
    %delay 2000, 0;
    %pushi/vec4 32, 0, 8; draw_string_vec4
    %store/vec4 v000002200d3bcdc0_0, 0, 8;
    %delay 2000, 0;
    %pushi/vec4 36, 0, 8; draw_string_vec4
    %store/vec4 v000002200d3bcdc0_0, 0, 8;
    %delay 2000, 0;
    %pushi/vec4 32, 0, 8; draw_string_vec4
    %store/vec4 v000002200d3bcdc0_0, 0, 8;
    %delay 2000, 0;
    %pushi/vec4 60, 0, 8; draw_string_vec4
    %store/vec4 v000002200d3bcdc0_0, 0, 8;
    %delay 2000, 0;
    %pushi/vec4 61, 0, 8; draw_string_vec4
    %store/vec4 v000002200d3bcdc0_0, 0, 8;
    %delay 2000, 0;
    %pushi/vec4 49, 0, 8; draw_string_vec4
    %store/vec4 v000002200d3bcdc0_0, 0, 8;
    %delay 2000, 0;
    %pushi/vec4 50, 0, 8; draw_string_vec4
    %store/vec4 v000002200d3bcdc0_0, 0, 8;
    %delay 2000, 0;
    %pushi/vec4 51, 0, 8; draw_string_vec4
    %store/vec4 v000002200d3bcdc0_0, 0, 8;
    %delay 2000, 0;
    %pushi/vec4 52, 0, 8; draw_string_vec4
    %store/vec4 v000002200d3bcdc0_0, 0, 8;
    %delay 2000, 0;
    %pushi/vec4 53, 0, 8; draw_string_vec4
    %store/vec4 v000002200d3bcdc0_0, 0, 8;
    %delay 2000, 0;
    %pushi/vec4 54, 0, 8; draw_string_vec4
    %store/vec4 v000002200d3bcdc0_0, 0, 8;
    %delay 2000, 0;
    %pushi/vec4 55, 0, 8; draw_string_vec4
    %store/vec4 v000002200d3bcdc0_0, 0, 8;
    %delay 2000, 0;
    %pushi/vec4 56, 0, 8; draw_string_vec4
    %store/vec4 v000002200d3bcdc0_0, 0, 8;
    %delay 2000, 0;
    %pushi/vec4 35, 0, 8; draw_string_vec4
    %store/vec4 v000002200d3bcdc0_0, 0, 8;
    %delay 2000, 0;
    %pushi/vec4 94, 0, 8; draw_string_vec4
    %store/vec4 v000002200d3bcdc0_0, 0, 8;
    %delay 2000, 0;
    %pushi/vec4 50, 0, 8; draw_string_vec4
    %store/vec4 v000002200d3bcdc0_0, 0, 8;
    %delay 2000, 0;
    %pushi/vec4 52, 0, 8; draw_string_vec4
    %store/vec4 v000002200d3bcdc0_0, 0, 8;
    %delay 2000, 0;
    %pushi/vec4 50, 0, 8; draw_string_vec4
    %store/vec4 v000002200d3bcdc0_0, 0, 8;
    %delay 2000, 0;
    %pushi/vec4 64, 0, 8; draw_string_vec4
    %store/vec4 v000002200d3bcdc0_0, 0, 8;
    %delay 2000, 0;
    %pushi/vec4 48, 0, 8; draw_string_vec4
    %store/vec4 v000002200d3bcdc0_0, 0, 8;
    %delay 2000, 0;
    %pushi/vec4 48, 0, 8; draw_string_vec4
    %store/vec4 v000002200d3bcdc0_0, 0, 8;
    %delay 2000, 0;
    %pushi/vec4 48, 0, 8; draw_string_vec4
    %store/vec4 v000002200d3bcdc0_0, 0, 8;
    %delay 2000, 0;
    %pushi/vec4 48, 0, 8; draw_string_vec4
    %store/vec4 v000002200d3bcdc0_0, 0, 8;
    %delay 2000, 0;
    %pushi/vec4 51, 0, 8; draw_string_vec4
    %store/vec4 v000002200d3bcdc0_0, 0, 8;
    %delay 2000, 0;
    %pushi/vec4 48, 0, 8; draw_string_vec4
    %store/vec4 v000002200d3bcdc0_0, 0, 8;
    %delay 2000, 0;
    %pushi/vec4 102, 0, 8; draw_string_vec4
    %store/vec4 v000002200d3bcdc0_0, 0, 8;
    %delay 2000, 0;
    %pushi/vec4 52, 0, 8; draw_string_vec4
    %store/vec4 v000002200d3bcdc0_0, 0, 8;
    %delay 2000, 0;
    %pushi/vec4 58, 0, 8; draw_string_vec4
    %store/vec4 v000002200d3bcdc0_0, 0, 8;
    %delay 2000, 0;
    %pushi/vec4 32, 0, 8; draw_string_vec4
    %store/vec4 v000002200d3bcdc0_0, 0, 8;
    %delay 2000, 0;
    %pushi/vec4 36, 0, 8; draw_string_vec4
    %store/vec4 v000002200d3bcdc0_0, 0, 8;
    %delay 2000, 0;
    %pushi/vec4 51, 0, 8; draw_string_vec4
    %store/vec4 v000002200d3bcdc0_0, 0, 8;
    %delay 2000, 0;
    %pushi/vec4 49, 0, 8; draw_string_vec4
    %store/vec4 v000002200d3bcdc0_0, 0, 8;
    %delay 2000, 0;
    %pushi/vec4 32, 0, 8; draw_string_vec4
    %store/vec4 v000002200d3bcdc0_0, 0, 8;
    %delay 2000, 0;
    %pushi/vec4 60, 0, 8; draw_string_vec4
    %store/vec4 v000002200d3bcdc0_0, 0, 8;
    %delay 2000, 0;
    %pushi/vec4 61, 0, 8; draw_string_vec4
    %store/vec4 v000002200d3bcdc0_0, 0, 8;
    %delay 2000, 0;
    %pushi/vec4 49, 0, 8; draw_string_vec4
    %store/vec4 v000002200d3bcdc0_0, 0, 8;
    %delay 2000, 0;
    %pushi/vec4 50, 0, 8; draw_string_vec4
    %store/vec4 v000002200d3bcdc0_0, 0, 8;
    %delay 2000, 0;
    %pushi/vec4 51, 0, 8; draw_string_vec4
    %store/vec4 v000002200d3bcdc0_0, 0, 8;
    %delay 2000, 0;
    %pushi/vec4 50, 0, 8; draw_string_vec4
    %store/vec4 v000002200d3bcdc0_0, 0, 8;
    %delay 2000, 0;
    %pushi/vec4 49, 0, 8; draw_string_vec4
    %store/vec4 v000002200d3bcdc0_0, 0, 8;
    %delay 2000, 0;
    %pushi/vec4 53, 0, 8; draw_string_vec4
    %store/vec4 v000002200d3bcdc0_0, 0, 8;
    %delay 2000, 0;
    %pushi/vec4 35, 0, 8; draw_string_vec4
    %store/vec4 v000002200d3bcdc0_0, 0, 8;
    %delay 2000, 0;
    %pushi/vec4 94, 0, 8; draw_string_vec4
    %store/vec4 v000002200d3bcdc0_0, 0, 8;
    %delay 2000, 0;
    %pushi/vec4 50, 0, 8; draw_string_vec4
    %store/vec4 v000002200d3bcdc0_0, 0, 8;
    %delay 2000, 0;
    %pushi/vec4 52, 0, 8; draw_string_vec4
    %store/vec4 v000002200d3bcdc0_0, 0, 8;
    %delay 2000, 0;
    %pushi/vec4 50, 0, 8; draw_string_vec4
    %store/vec4 v000002200d3bcdc0_0, 0, 8;
    %delay 2000, 0;
    %pushi/vec4 64, 0, 8; draw_string_vec4
    %store/vec4 v000002200d3bcdc0_0, 0, 8;
    %delay 2000, 0;
    %pushi/vec4 48, 0, 8; draw_string_vec4
    %store/vec4 v000002200d3bcdc0_0, 0, 8;
    %delay 2000, 0;
    %pushi/vec4 48, 0, 8; draw_string_vec4
    %store/vec4 v000002200d3bcdc0_0, 0, 8;
    %delay 2000, 0;
    %pushi/vec4 48, 0, 8; draw_string_vec4
    %store/vec4 v000002200d3bcdc0_0, 0, 8;
    %delay 2000, 0;
    %pushi/vec4 48, 0, 8; draw_string_vec4
    %store/vec4 v000002200d3bcdc0_0, 0, 8;
    %delay 2000, 0;
    %pushi/vec4 51, 0, 8; draw_string_vec4
    %store/vec4 v000002200d3bcdc0_0, 0, 8;
    %delay 2000, 0;
    %pushi/vec4 48, 0, 8; draw_string_vec4
    %store/vec4 v000002200d3bcdc0_0, 0, 8;
    %delay 2000, 0;
    %pushi/vec4 102, 0, 8; draw_string_vec4
    %store/vec4 v000002200d3bcdc0_0, 0, 8;
    %delay 2000, 0;
    %pushi/vec4 52, 0, 8; draw_string_vec4
    %store/vec4 v000002200d3bcdc0_0, 0, 8;
    %delay 2000, 0;
    %pushi/vec4 58, 0, 8; draw_string_vec4
    %store/vec4 v000002200d3bcdc0_0, 0, 8;
    %delay 2000, 0;
    %pushi/vec4 32, 0, 8; draw_string_vec4
    %store/vec4 v000002200d3bcdc0_0, 0, 8;
    %delay 2000, 0;
    %pushi/vec4 36, 0, 8; draw_string_vec4
    %store/vec4 v000002200d3bcdc0_0, 0, 8;
    %delay 2000, 0;
    %pushi/vec4 51, 0, 8; draw_string_vec4
    %store/vec4 v000002200d3bcdc0_0, 0, 8;
    %delay 2000, 0;
    %pushi/vec4 49, 0, 8; draw_string_vec4
    %store/vec4 v000002200d3bcdc0_0, 0, 8;
    %delay 2000, 0;
    %pushi/vec4 32, 0, 8; draw_string_vec4
    %store/vec4 v000002200d3bcdc0_0, 0, 8;
    %delay 2000, 0;
    %pushi/vec4 60, 0, 8; draw_string_vec4
    %store/vec4 v000002200d3bcdc0_0, 0, 8;
    %delay 2000, 0;
    %pushi/vec4 61, 0, 8; draw_string_vec4
    %store/vec4 v000002200d3bcdc0_0, 0, 8;
    %delay 2000, 0;
    %pushi/vec4 49, 0, 8; draw_string_vec4
    %store/vec4 v000002200d3bcdc0_0, 0, 8;
    %delay 2000, 0;
    %pushi/vec4 50, 0, 8; draw_string_vec4
    %store/vec4 v000002200d3bcdc0_0, 0, 8;
    %delay 2000, 0;
    %pushi/vec4 51, 0, 8; draw_string_vec4
    %store/vec4 v000002200d3bcdc0_0, 0, 8;
    %delay 2000, 0;
    %pushi/vec4 50, 0, 8; draw_string_vec4
    %store/vec4 v000002200d3bcdc0_0, 0, 8;
    %delay 2000, 0;
    %pushi/vec4 49, 0, 8; draw_string_vec4
    %store/vec4 v000002200d3bcdc0_0, 0, 8;
    %delay 2000, 0;
    %pushi/vec4 53, 0, 8; draw_string_vec4
    %store/vec4 v000002200d3bcdc0_0, 0, 8;
    %delay 2000, 0;
    %pushi/vec4 56, 0, 8; draw_string_vec4
    %store/vec4 v000002200d3bcdc0_0, 0, 8;
    %delay 2000, 0;
    %pushi/vec4 57, 0, 8; draw_string_vec4
    %store/vec4 v000002200d3bcdc0_0, 0, 8;
    %delay 2000, 0;
    %pushi/vec4 57, 0, 8; draw_string_vec4
    %store/vec4 v000002200d3bcdc0_0, 0, 8;
    %delay 2000, 0;
    %pushi/vec4 56, 0, 8; draw_string_vec4
    %store/vec4 v000002200d3bcdc0_0, 0, 8;
    %delay 2000, 0;
    %pushi/vec4 35, 0, 8; draw_string_vec4
    %store/vec4 v000002200d3bcdc0_0, 0, 8;
    %delay 2000, 0;
    %pushi/vec4 94, 0, 8; draw_string_vec4
    %store/vec4 v000002200d3bcdc0_0, 0, 8;
    %delay 2000, 0;
    %pushi/vec4 50, 0, 8; draw_string_vec4
    %store/vec4 v000002200d3bcdc0_0, 0, 8;
    %delay 2000, 0;
    %pushi/vec4 52, 0, 8; draw_string_vec4
    %store/vec4 v000002200d3bcdc0_0, 0, 8;
    %delay 2000, 0;
    %pushi/vec4 50, 0, 8; draw_string_vec4
    %store/vec4 v000002200d3bcdc0_0, 0, 8;
    %delay 2000, 0;
    %pushi/vec4 64, 0, 8; draw_string_vec4
    %store/vec4 v000002200d3bcdc0_0, 0, 8;
    %delay 2000, 0;
    %pushi/vec4 48, 0, 8; draw_string_vec4
    %store/vec4 v000002200d3bcdc0_0, 0, 8;
    %delay 2000, 0;
    %pushi/vec4 48, 0, 8; draw_string_vec4
    %store/vec4 v000002200d3bcdc0_0, 0, 8;
    %delay 2000, 0;
    %pushi/vec4 48, 0, 8; draw_string_vec4
    %store/vec4 v000002200d3bcdc0_0, 0, 8;
    %delay 2000, 0;
    %pushi/vec4 48, 0, 8; draw_string_vec4
    %store/vec4 v000002200d3bcdc0_0, 0, 8;
    %delay 2000, 0;
    %pushi/vec4 51, 0, 8; draw_string_vec4
    %store/vec4 v000002200d3bcdc0_0, 0, 8;
    %delay 2000, 0;
    %pushi/vec4 48, 0, 8; draw_string_vec4
    %store/vec4 v000002200d3bcdc0_0, 0, 8;
    %delay 2000, 0;
    %pushi/vec4 102, 0, 8; draw_string_vec4
    %store/vec4 v000002200d3bcdc0_0, 0, 8;
    %delay 2000, 0;
    %pushi/vec4 52, 0, 8; draw_string_vec4
    %store/vec4 v000002200d3bcdc0_0, 0, 8;
    %delay 2000, 0;
    %pushi/vec4 58, 0, 8; draw_string_vec4
    %store/vec4 v000002200d3bcdc0_0, 0, 8;
    %delay 2000, 0;
    %pushi/vec4 32, 0, 8; draw_string_vec4
    %store/vec4 v000002200d3bcdc0_0, 0, 8;
    %delay 2000, 0;
    %pushi/vec4 36, 0, 8; draw_string_vec4
    %store/vec4 v000002200d3bcdc0_0, 0, 8;
    %delay 2000, 0;
    %pushi/vec4 51, 0, 8; draw_string_vec4
    %store/vec4 v000002200d3bcdc0_0, 0, 8;
    %delay 2000, 0;
    %pushi/vec4 49, 0, 8; draw_string_vec4
    %store/vec4 v000002200d3bcdc0_0, 0, 8;
    %delay 2000, 0;
    %pushi/vec4 32, 0, 8; draw_string_vec4
    %store/vec4 v000002200d3bcdc0_0, 0, 8;
    %delay 2000, 0;
    %pushi/vec4 60, 0, 8; draw_string_vec4
    %store/vec4 v000002200d3bcdc0_0, 0, 8;
    %delay 2000, 0;
    %pushi/vec4 61, 0, 8; draw_string_vec4
    %store/vec4 v000002200d3bcdc0_0, 0, 8;
    %delay 2000, 0;
    %pushi/vec4 35, 0, 8; draw_string_vec4
    %store/vec4 v000002200d3bcdc0_0, 0, 8;
    %delay 2000, 0;
    %pushi/vec4 94, 0, 8; draw_string_vec4
    %store/vec4 v000002200d3bcdc0_0, 0, 8;
    %delay 2000, 0;
    %pushi/vec4 50, 0, 8; draw_string_vec4
    %store/vec4 v000002200d3bcdc0_0, 0, 8;
    %delay 2000, 0;
    %pushi/vec4 52, 0, 8; draw_string_vec4
    %store/vec4 v000002200d3bcdc0_0, 0, 8;
    %delay 2000, 0;
    %pushi/vec4 50, 0, 8; draw_string_vec4
    %store/vec4 v000002200d3bcdc0_0, 0, 8;
    %delay 2000, 0;
    %pushi/vec4 64, 0, 8; draw_string_vec4
    %store/vec4 v000002200d3bcdc0_0, 0, 8;
    %delay 2000, 0;
    %pushi/vec4 48, 0, 8; draw_string_vec4
    %store/vec4 v000002200d3bcdc0_0, 0, 8;
    %delay 2000, 0;
    %pushi/vec4 48, 0, 8; draw_string_vec4
    %store/vec4 v000002200d3bcdc0_0, 0, 8;
    %delay 2000, 0;
    %pushi/vec4 48, 0, 8; draw_string_vec4
    %store/vec4 v000002200d3bcdc0_0, 0, 8;
    %delay 2000, 0;
    %pushi/vec4 48, 0, 8; draw_string_vec4
    %store/vec4 v000002200d3bcdc0_0, 0, 8;
    %delay 2000, 0;
    %pushi/vec4 51, 0, 8; draw_string_vec4
    %store/vec4 v000002200d3bcdc0_0, 0, 8;
    %delay 2000, 0;
    %pushi/vec4 48, 0, 8; draw_string_vec4
    %store/vec4 v000002200d3bcdc0_0, 0, 8;
    %delay 2000, 0;
    %pushi/vec4 102, 0, 8; draw_string_vec4
    %store/vec4 v000002200d3bcdc0_0, 0, 8;
    %delay 2000, 0;
    %pushi/vec4 52, 0, 8; draw_string_vec4
    %store/vec4 v000002200d3bcdc0_0, 0, 8;
    %delay 2000, 0;
    %pushi/vec4 58, 0, 8; draw_string_vec4
    %store/vec4 v000002200d3bcdc0_0, 0, 8;
    %delay 2000, 0;
    %pushi/vec4 32, 0, 8; draw_string_vec4
    %store/vec4 v000002200d3bcdc0_0, 0, 8;
    %delay 2000, 0;
    %pushi/vec4 36, 0, 8; draw_string_vec4
    %store/vec4 v000002200d3bcdc0_0, 0, 8;
    %delay 2000, 0;
    %pushi/vec4 51, 0, 8; draw_string_vec4
    %store/vec4 v000002200d3bcdc0_0, 0, 8;
    %delay 2000, 0;
    %pushi/vec4 49, 0, 8; draw_string_vec4
    %store/vec4 v000002200d3bcdc0_0, 0, 8;
    %delay 2000, 0;
    %pushi/vec4 32, 0, 8; draw_string_vec4
    %store/vec4 v000002200d3bcdc0_0, 0, 8;
    %delay 2000, 0;
    %pushi/vec4 60, 0, 8; draw_string_vec4
    %store/vec4 v000002200d3bcdc0_0, 0, 8;
    %delay 2000, 0;
    %pushi/vec4 61, 0, 8; draw_string_vec4
    %store/vec4 v000002200d3bcdc0_0, 0, 8;
    %delay 2000, 0;
    %pushi/vec4 32, 0, 8; draw_string_vec4
    %store/vec4 v000002200d3bcdc0_0, 0, 8;
    %delay 2000, 0;
    %pushi/vec4 32, 0, 8; draw_string_vec4
    %store/vec4 v000002200d3bcdc0_0, 0, 8;
    %delay 2000, 0;
    %pushi/vec4 32, 0, 8; draw_string_vec4
    %store/vec4 v000002200d3bcdc0_0, 0, 8;
    %delay 2000, 0;
    %pushi/vec4 49, 0, 8; draw_string_vec4
    %store/vec4 v000002200d3bcdc0_0, 0, 8;
    %delay 2000, 0;
    %pushi/vec4 50, 0, 8; draw_string_vec4
    %store/vec4 v000002200d3bcdc0_0, 0, 8;
    %delay 2000, 0;
    %pushi/vec4 51, 0, 8; draw_string_vec4
    %store/vec4 v000002200d3bcdc0_0, 0, 8;
    %delay 2000, 0;
    %pushi/vec4 50, 0, 8; draw_string_vec4
    %store/vec4 v000002200d3bcdc0_0, 0, 8;
    %delay 2000, 0;
    %pushi/vec4 49, 0, 8; draw_string_vec4
    %store/vec4 v000002200d3bcdc0_0, 0, 8;
    %delay 2000, 0;
    %pushi/vec4 53, 0, 8; draw_string_vec4
    %store/vec4 v000002200d3bcdc0_0, 0, 8;
    %delay 2000, 0;
    %pushi/vec4 32, 0, 8; draw_string_vec4
    %store/vec4 v000002200d3bcdc0_0, 0, 8;
    %delay 2000, 0;
    %pushi/vec4 35, 0, 8; draw_string_vec4
    %store/vec4 v000002200d3bcdc0_0, 0, 8;
    %delay 2000, 0;
    %pushi/vec4 94, 0, 8; draw_string_vec4
    %store/vec4 v000002200d3bcdc0_0, 0, 8;
    %delay 2000, 0;
    %pushi/vec4 50, 0, 8; draw_string_vec4
    %store/vec4 v000002200d3bcdc0_0, 0, 8;
    %delay 2000, 0;
    %pushi/vec4 52, 0, 8; draw_string_vec4
    %store/vec4 v000002200d3bcdc0_0, 0, 8;
    %delay 2000, 0;
    %pushi/vec4 50, 0, 8; draw_string_vec4
    %store/vec4 v000002200d3bcdc0_0, 0, 8;
    %delay 2000, 0;
    %pushi/vec4 64, 0, 8; draw_string_vec4
    %store/vec4 v000002200d3bcdc0_0, 0, 8;
    %delay 2000, 0;
    %pushi/vec4 48, 0, 8; draw_string_vec4
    %store/vec4 v000002200d3bcdc0_0, 0, 8;
    %delay 2000, 0;
    %pushi/vec4 48, 0, 8; draw_string_vec4
    %store/vec4 v000002200d3bcdc0_0, 0, 8;
    %delay 2000, 0;
    %pushi/vec4 48, 0, 8; draw_string_vec4
    %store/vec4 v000002200d3bcdc0_0, 0, 8;
    %delay 2000, 0;
    %pushi/vec4 48, 0, 8; draw_string_vec4
    %store/vec4 v000002200d3bcdc0_0, 0, 8;
    %delay 2000, 0;
    %pushi/vec4 51, 0, 8; draw_string_vec4
    %store/vec4 v000002200d3bcdc0_0, 0, 8;
    %delay 2000, 0;
    %pushi/vec4 48, 0, 8; draw_string_vec4
    %store/vec4 v000002200d3bcdc0_0, 0, 8;
    %delay 2000, 0;
    %pushi/vec4 102, 0, 8; draw_string_vec4
    %store/vec4 v000002200d3bcdc0_0, 0, 8;
    %delay 2000, 0;
    %pushi/vec4 52, 0, 8; draw_string_vec4
    %store/vec4 v000002200d3bcdc0_0, 0, 8;
    %delay 2000, 0;
    %pushi/vec4 58, 0, 8; draw_string_vec4
    %store/vec4 v000002200d3bcdc0_0, 0, 8;
    %delay 2000, 0;
    %pushi/vec4 32, 0, 8; draw_string_vec4
    %store/vec4 v000002200d3bcdc0_0, 0, 8;
    %delay 2000, 0;
    %pushi/vec4 36, 0, 8; draw_string_vec4
    %store/vec4 v000002200d3bcdc0_0, 0, 8;
    %delay 2000, 0;
    %pushi/vec4 51, 0, 8; draw_string_vec4
    %store/vec4 v000002200d3bcdc0_0, 0, 8;
    %delay 2000, 0;
    %pushi/vec4 49, 0, 8; draw_string_vec4
    %store/vec4 v000002200d3bcdc0_0, 0, 8;
    %delay 2000, 0;
    %pushi/vec4 32, 0, 8; draw_string_vec4
    %store/vec4 v000002200d3bcdc0_0, 0, 8;
    %delay 2000, 0;
    %pushi/vec4 60, 0, 8; draw_string_vec4
    %store/vec4 v000002200d3bcdc0_0, 0, 8;
    %delay 2000, 0;
    %pushi/vec4 61, 0, 8; draw_string_vec4
    %store/vec4 v000002200d3bcdc0_0, 0, 8;
    %delay 2000, 0;
    %pushi/vec4 32, 0, 8; draw_string_vec4
    %store/vec4 v000002200d3bcdc0_0, 0, 8;
    %delay 2000, 0;
    %pushi/vec4 32, 0, 8; draw_string_vec4
    %store/vec4 v000002200d3bcdc0_0, 0, 8;
    %delay 2000, 0;
    %pushi/vec4 32, 0, 8; draw_string_vec4
    %store/vec4 v000002200d3bcdc0_0, 0, 8;
    %delay 2000, 0;
    %pushi/vec4 97, 0, 8; draw_string_vec4
    %store/vec4 v000002200d3bcdc0_0, 0, 8;
    %delay 2000, 0;
    %pushi/vec4 98, 0, 8; draw_string_vec4
    %store/vec4 v000002200d3bcdc0_0, 0, 8;
    %delay 2000, 0;
    %pushi/vec4 49, 0, 8; draw_string_vec4
    %store/vec4 v000002200d3bcdc0_0, 0, 8;
    %delay 2000, 0;
    %pushi/vec4 50, 0, 8; draw_string_vec4
    %store/vec4 v000002200d3bcdc0_0, 0, 8;
    %delay 2000, 0;
    %pushi/vec4 51, 0, 8; draw_string_vec4
    %store/vec4 v000002200d3bcdc0_0, 0, 8;
    %delay 2000, 0;
    %pushi/vec4 50, 0, 8; draw_string_vec4
    %store/vec4 v000002200d3bcdc0_0, 0, 8;
    %delay 2000, 0;
    %pushi/vec4 49, 0, 8; draw_string_vec4
    %store/vec4 v000002200d3bcdc0_0, 0, 8;
    %delay 2000, 0;
    %pushi/vec4 53, 0, 8; draw_string_vec4
    %store/vec4 v000002200d3bcdc0_0, 0, 8;
    %delay 2000, 0;
    %pushi/vec4 32, 0, 8; draw_string_vec4
    %store/vec4 v000002200d3bcdc0_0, 0, 8;
    %delay 2000, 0;
    %pushi/vec4 35, 0, 8; draw_string_vec4
    %store/vec4 v000002200d3bcdc0_0, 0, 8;
    %delay 2000, 0;
    %pushi/vec4 94, 0, 8; draw_string_vec4
    %store/vec4 v000002200d3bcdc0_0, 0, 8;
    %delay 2000, 0;
    %pushi/vec4 50, 0, 8; draw_string_vec4
    %store/vec4 v000002200d3bcdc0_0, 0, 8;
    %delay 2000, 0;
    %pushi/vec4 52, 0, 8; draw_string_vec4
    %store/vec4 v000002200d3bcdc0_0, 0, 8;
    %delay 2000, 0;
    %pushi/vec4 50, 0, 8; draw_string_vec4
    %store/vec4 v000002200d3bcdc0_0, 0, 8;
    %delay 2000, 0;
    %pushi/vec4 64, 0, 8; draw_string_vec4
    %store/vec4 v000002200d3bcdc0_0, 0, 8;
    %delay 2000, 0;
    %pushi/vec4 48, 0, 8; draw_string_vec4
    %store/vec4 v000002200d3bcdc0_0, 0, 8;
    %delay 2000, 0;
    %pushi/vec4 48, 0, 8; draw_string_vec4
    %store/vec4 v000002200d3bcdc0_0, 0, 8;
    %delay 2000, 0;
    %pushi/vec4 48, 0, 8; draw_string_vec4
    %store/vec4 v000002200d3bcdc0_0, 0, 8;
    %delay 2000, 0;
    %pushi/vec4 48, 0, 8; draw_string_vec4
    %store/vec4 v000002200d3bcdc0_0, 0, 8;
    %delay 2000, 0;
    %pushi/vec4 51, 0, 8; draw_string_vec4
    %store/vec4 v000002200d3bcdc0_0, 0, 8;
    %delay 2000, 0;
    %pushi/vec4 48, 0, 8; draw_string_vec4
    %store/vec4 v000002200d3bcdc0_0, 0, 8;
    %delay 2000, 0;
    %pushi/vec4 102, 0, 8; draw_string_vec4
    %store/vec4 v000002200d3bcdc0_0, 0, 8;
    %delay 2000, 0;
    %pushi/vec4 52, 0, 8; draw_string_vec4
    %store/vec4 v000002200d3bcdc0_0, 0, 8;
    %delay 2000, 0;
    %pushi/vec4 58, 0, 8; draw_string_vec4
    %store/vec4 v000002200d3bcdc0_0, 0, 8;
    %delay 2000, 0;
    %pushi/vec4 32, 0, 8; draw_string_vec4
    %store/vec4 v000002200d3bcdc0_0, 0, 8;
    %delay 2000, 0;
    %pushi/vec4 36, 0, 8; draw_string_vec4
    %store/vec4 v000002200d3bcdc0_0, 0, 8;
    %delay 2000, 0;
    %pushi/vec4 51, 0, 8; draw_string_vec4
    %store/vec4 v000002200d3bcdc0_0, 0, 8;
    %delay 2000, 0;
    %pushi/vec4 49, 0, 8; draw_string_vec4
    %store/vec4 v000002200d3bcdc0_0, 0, 8;
    %delay 2000, 0;
    %pushi/vec4 32, 0, 8; draw_string_vec4
    %store/vec4 v000002200d3bcdc0_0, 0, 8;
    %delay 2000, 0;
    %pushi/vec4 60, 0, 8; draw_string_vec4
    %store/vec4 v000002200d3bcdc0_0, 0, 8;
    %delay 2000, 0;
    %pushi/vec4 61, 0, 8; draw_string_vec4
    %store/vec4 v000002200d3bcdc0_0, 0, 8;
    %delay 2000, 0;
    %pushi/vec4 32, 0, 8; draw_string_vec4
    %store/vec4 v000002200d3bcdc0_0, 0, 8;
    %delay 2000, 0;
    %pushi/vec4 32, 0, 8; draw_string_vec4
    %store/vec4 v000002200d3bcdc0_0, 0, 8;
    %delay 2000, 0;
    %pushi/vec4 32, 0, 8; draw_string_vec4
    %store/vec4 v000002200d3bcdc0_0, 0, 8;
    %delay 2000, 0;
    %pushi/vec4 65, 0, 8; draw_string_vec4
    %store/vec4 v000002200d3bcdc0_0, 0, 8;
    %delay 2000, 0;
    %pushi/vec4 98, 0, 8; draw_string_vec4
    %store/vec4 v000002200d3bcdc0_0, 0, 8;
    %delay 2000, 0;
    %pushi/vec4 49, 0, 8; draw_string_vec4
    %store/vec4 v000002200d3bcdc0_0, 0, 8;
    %delay 2000, 0;
    %pushi/vec4 50, 0, 8; draw_string_vec4
    %store/vec4 v000002200d3bcdc0_0, 0, 8;
    %delay 2000, 0;
    %pushi/vec4 51, 0, 8; draw_string_vec4
    %store/vec4 v000002200d3bcdc0_0, 0, 8;
    %delay 2000, 0;
    %pushi/vec4 50, 0, 8; draw_string_vec4
    %store/vec4 v000002200d3bcdc0_0, 0, 8;
    %delay 2000, 0;
    %pushi/vec4 49, 0, 8; draw_string_vec4
    %store/vec4 v000002200d3bcdc0_0, 0, 8;
    %delay 2000, 0;
    %pushi/vec4 53, 0, 8; draw_string_vec4
    %store/vec4 v000002200d3bcdc0_0, 0, 8;
    %delay 2000, 0;
    %pushi/vec4 32, 0, 8; draw_string_vec4
    %store/vec4 v000002200d3bcdc0_0, 0, 8;
    %delay 2000, 0;
    %pushi/vec4 35, 0, 8; draw_string_vec4
    %store/vec4 v000002200d3bcdc0_0, 0, 8;
    %delay 2000, 0;
    %pushi/vec4 94, 0, 8; draw_string_vec4
    %store/vec4 v000002200d3bcdc0_0, 0, 8;
    %delay 2000, 0;
    %pushi/vec4 51, 0, 8; draw_string_vec4
    %store/vec4 v000002200d3bcdc0_0, 0, 8;
    %delay 2000, 0;
    %pushi/vec4 51, 0, 8; draw_string_vec4
    %store/vec4 v000002200d3bcdc0_0, 0, 8;
    %delay 2000, 0;
    %pushi/vec4 56, 0, 8; draw_string_vec4
    %store/vec4 v000002200d3bcdc0_0, 0, 8;
    %delay 2000, 0;
    %pushi/vec4 64, 0, 8; draw_string_vec4
    %store/vec4 v000002200d3bcdc0_0, 0, 8;
    %delay 2000, 0;
    %pushi/vec4 48, 0, 8; draw_string_vec4
    %store/vec4 v000002200d3bcdc0_0, 0, 8;
    %delay 2000, 0;
    %pushi/vec4 48, 0, 8; draw_string_vec4
    %store/vec4 v000002200d3bcdc0_0, 0, 8;
    %delay 2000, 0;
    %pushi/vec4 48, 0, 8; draw_string_vec4
    %store/vec4 v000002200d3bcdc0_0, 0, 8;
    %delay 2000, 0;
    %pushi/vec4 48, 0, 8; draw_string_vec4
    %store/vec4 v000002200d3bcdc0_0, 0, 8;
    %delay 2000, 0;
    %pushi/vec4 51, 0, 8; draw_string_vec4
    %store/vec4 v000002200d3bcdc0_0, 0, 8;
    %delay 2000, 0;
    %pushi/vec4 49, 0, 8; draw_string_vec4
    %store/vec4 v000002200d3bcdc0_0, 0, 8;
    %delay 2000, 0;
    %pushi/vec4 51, 0, 8; draw_string_vec4
    %store/vec4 v000002200d3bcdc0_0, 0, 8;
    %delay 2000, 0;
    %pushi/vec4 48, 0, 8; draw_string_vec4
    %store/vec4 v000002200d3bcdc0_0, 0, 8;
    %delay 2000, 0;
    %pushi/vec4 58, 0, 8; draw_string_vec4
    %store/vec4 v000002200d3bcdc0_0, 0, 8;
    %delay 2000, 0;
    %pushi/vec4 32, 0, 8; draw_string_vec4
    %store/vec4 v000002200d3bcdc0_0, 0, 8;
    %delay 2000, 0;
    %pushi/vec4 42, 0, 8; draw_string_vec4
    %store/vec4 v000002200d3bcdc0_0, 0, 8;
    %delay 2000, 0;
    %pushi/vec4 48, 0, 8; draw_string_vec4
    %store/vec4 v000002200d3bcdc0_0, 0, 8;
    %delay 2000, 0;
    %pushi/vec4 48, 0, 8; draw_string_vec4
    %store/vec4 v000002200d3bcdc0_0, 0, 8;
    %delay 2000, 0;
    %pushi/vec4 48, 0, 8; draw_string_vec4
    %store/vec4 v000002200d3bcdc0_0, 0, 8;
    %delay 2000, 0;
    %pushi/vec4 48, 0, 8; draw_string_vec4
    %store/vec4 v000002200d3bcdc0_0, 0, 8;
    %delay 2000, 0;
    %pushi/vec4 48, 0, 8; draw_string_vec4
    %store/vec4 v000002200d3bcdc0_0, 0, 8;
    %delay 2000, 0;
    %pushi/vec4 48, 0, 8; draw_string_vec4
    %store/vec4 v000002200d3bcdc0_0, 0, 8;
    %delay 2000, 0;
    %pushi/vec4 56, 0, 8; draw_string_vec4
    %store/vec4 v000002200d3bcdc0_0, 0, 8;
    %delay 2000, 0;
    %pushi/vec4 56, 0, 8; draw_string_vec4
    %store/vec4 v000002200d3bcdc0_0, 0, 8;
    %delay 2000, 0;
    %pushi/vec4 32, 0, 8; draw_string_vec4
    %store/vec4 v000002200d3bcdc0_0, 0, 8;
    %delay 2000, 0;
    %pushi/vec4 60, 0, 8; draw_string_vec4
    %store/vec4 v000002200d3bcdc0_0, 0, 8;
    %delay 2000, 0;
    %pushi/vec4 61, 0, 8; draw_string_vec4
    %store/vec4 v000002200d3bcdc0_0, 0, 8;
    %delay 2000, 0;
    %pushi/vec4 32, 0, 8; draw_string_vec4
    %store/vec4 v000002200d3bcdc0_0, 0, 8;
    %delay 2000, 0;
    %pushi/vec4 70, 0, 8; draw_string_vec4
    %store/vec4 v000002200d3bcdc0_0, 0, 8;
    %delay 2000, 0;
    %pushi/vec4 102, 0, 8; draw_string_vec4
    %store/vec4 v000002200d3bcdc0_0, 0, 8;
    %delay 2000, 0;
    %pushi/vec4 102, 0, 8; draw_string_vec4
    %store/vec4 v000002200d3bcdc0_0, 0, 8;
    %delay 2000, 0;
    %pushi/vec4 102, 0, 8; draw_string_vec4
    %store/vec4 v000002200d3bcdc0_0, 0, 8;
    %delay 2000, 0;
    %pushi/vec4 98, 0, 8; draw_string_vec4
    %store/vec4 v000002200d3bcdc0_0, 0, 8;
    %delay 2000, 0;
    %pushi/vec4 53, 0, 8; draw_string_vec4
    %store/vec4 v000002200d3bcdc0_0, 0, 8;
    %delay 2000, 0;
    %pushi/vec4 50, 0, 8; draw_string_vec4
    %store/vec4 v000002200d3bcdc0_0, 0, 8;
    %delay 2000, 0;
    %pushi/vec4 56, 0, 8; draw_string_vec4
    %store/vec4 v000002200d3bcdc0_0, 0, 8;
    %delay 2000, 0;
    %pushi/vec4 35, 0, 8; draw_string_vec4
    %store/vec4 v000002200d3bcdc0_0, 0, 8;
    %delay 2000, 0;
    %pushi/vec4 94, 0, 8; draw_string_vec4
    %store/vec4 v000002200d3bcdc0_0, 0, 8;
    %delay 2000, 0;
    %pushi/vec4 51, 0, 8; draw_string_vec4
    %store/vec4 v000002200d3bcdc0_0, 0, 8;
    %delay 2000, 0;
    %pushi/vec4 51, 0, 8; draw_string_vec4
    %store/vec4 v000002200d3bcdc0_0, 0, 8;
    %delay 2000, 0;
    %pushi/vec4 56, 0, 8; draw_string_vec4
    %store/vec4 v000002200d3bcdc0_0, 0, 8;
    %delay 2000, 0;
    %pushi/vec4 64, 0, 8; draw_string_vec4
    %store/vec4 v000002200d3bcdc0_0, 0, 8;
    %delay 2000, 0;
    %pushi/vec4 48, 0, 8; draw_string_vec4
    %store/vec4 v000002200d3bcdc0_0, 0, 8;
    %delay 2000, 0;
    %pushi/vec4 48, 0, 8; draw_string_vec4
    %store/vec4 v000002200d3bcdc0_0, 0, 8;
    %delay 2000, 0;
    %pushi/vec4 48, 0, 8; draw_string_vec4
    %store/vec4 v000002200d3bcdc0_0, 0, 8;
    %delay 2000, 0;
    %pushi/vec4 48, 0, 8; draw_string_vec4
    %store/vec4 v000002200d3bcdc0_0, 0, 8;
    %delay 2000, 0;
    %pushi/vec4 51, 0, 8; draw_string_vec4
    %store/vec4 v000002200d3bcdc0_0, 0, 8;
    %delay 2000, 0;
    %pushi/vec4 49, 0, 8; draw_string_vec4
    %store/vec4 v000002200d3bcdc0_0, 0, 8;
    %delay 2000, 0;
    %pushi/vec4 51, 0, 8; draw_string_vec4
    %store/vec4 v000002200d3bcdc0_0, 0, 8;
    %delay 2000, 0;
    %pushi/vec4 48, 0, 8; draw_string_vec4
    %store/vec4 v000002200d3bcdc0_0, 0, 8;
    %delay 2000, 0;
    %pushi/vec4 58, 0, 8; draw_string_vec4
    %store/vec4 v000002200d3bcdc0_0, 0, 8;
    %delay 2000, 0;
    %pushi/vec4 32, 0, 8; draw_string_vec4
    %store/vec4 v000002200d3bcdc0_0, 0, 8;
    %delay 2000, 0;
    %pushi/vec4 42, 0, 8; draw_string_vec4
    %store/vec4 v000002200d3bcdc0_0, 0, 8;
    %delay 2000, 0;
    %pushi/vec4 48, 0, 8; draw_string_vec4
    %store/vec4 v000002200d3bcdc0_0, 0, 8;
    %delay 2000, 0;
    %pushi/vec4 48, 0, 8; draw_string_vec4
    %store/vec4 v000002200d3bcdc0_0, 0, 8;
    %delay 2000, 0;
    %pushi/vec4 48, 0, 8; draw_string_vec4
    %store/vec4 v000002200d3bcdc0_0, 0, 8;
    %delay 2000, 0;
    %pushi/vec4 48, 0, 8; draw_string_vec4
    %store/vec4 v000002200d3bcdc0_0, 0, 8;
    %delay 2000, 0;
    %pushi/vec4 48, 0, 8; draw_string_vec4
    %store/vec4 v000002200d3bcdc0_0, 0, 8;
    %delay 2000, 0;
    %pushi/vec4 48, 0, 8; draw_string_vec4
    %store/vec4 v000002200d3bcdc0_0, 0, 8;
    %delay 2000, 0;
    %pushi/vec4 56, 0, 8; draw_string_vec4
    %store/vec4 v000002200d3bcdc0_0, 0, 8;
    %delay 2000, 0;
    %pushi/vec4 56, 0, 8; draw_string_vec4
    %store/vec4 v000002200d3bcdc0_0, 0, 8;
    %delay 2000, 0;
    %pushi/vec4 32, 0, 8; draw_string_vec4
    %store/vec4 v000002200d3bcdc0_0, 0, 8;
    %delay 2000, 0;
    %pushi/vec4 60, 0, 8; draw_string_vec4
    %store/vec4 v000002200d3bcdc0_0, 0, 8;
    %delay 2000, 0;
    %pushi/vec4 61, 0, 8; draw_string_vec4
    %store/vec4 v000002200d3bcdc0_0, 0, 8;
    %delay 2000, 0;
    %pushi/vec4 32, 0, 8; draw_string_vec4
    %store/vec4 v000002200d3bcdc0_0, 0, 8;
    %delay 2000, 0;
    %pushi/vec4 102, 0, 8; draw_string_vec4
    %store/vec4 v000002200d3bcdc0_0, 0, 8;
    %delay 2000, 0;
    %pushi/vec4 102, 0, 8; draw_string_vec4
    %store/vec4 v000002200d3bcdc0_0, 0, 8;
    %delay 2000, 0;
    %pushi/vec4 102, 0, 8; draw_string_vec4
    %store/vec4 v000002200d3bcdc0_0, 0, 8;
    %delay 2000, 0;
    %pushi/vec4 102, 0, 8; draw_string_vec4
    %store/vec4 v000002200d3bcdc0_0, 0, 8;
    %delay 2000, 0;
    %pushi/vec4 98, 0, 8; draw_string_vec4
    %store/vec4 v000002200d3bcdc0_0, 0, 8;
    %delay 2000, 0;
    %pushi/vec4 53, 0, 8; draw_string_vec4
    %store/vec4 v000002200d3bcdc0_0, 0, 8;
    %delay 2000, 0;
    %pushi/vec4 50, 0, 8; draw_string_vec4
    %store/vec4 v000002200d3bcdc0_0, 0, 8;
    %delay 2000, 0;
    %pushi/vec4 56, 0, 8; draw_string_vec4
    %store/vec4 v000002200d3bcdc0_0, 0, 8;
    %delay 2000, 0;
    %pushi/vec4 35, 0, 8; draw_string_vec4
    %store/vec4 v000002200d3bcdc0_0, 0, 8;
    %delay 2000, 0;
    %pushi/vec4 94, 0, 8; draw_string_vec4
    %store/vec4 v000002200d3bcdc0_0, 0, 8;
    %delay 2000, 0;
    %pushi/vec4 51, 0, 8; draw_string_vec4
    %store/vec4 v000002200d3bcdc0_0, 0, 8;
    %delay 2000, 0;
    %pushi/vec4 51, 0, 8; draw_string_vec4
    %store/vec4 v000002200d3bcdc0_0, 0, 8;
    %delay 2000, 0;
    %pushi/vec4 56, 0, 8; draw_string_vec4
    %store/vec4 v000002200d3bcdc0_0, 0, 8;
    %delay 2000, 0;
    %pushi/vec4 64, 0, 8; draw_string_vec4
    %store/vec4 v000002200d3bcdc0_0, 0, 8;
    %delay 2000, 0;
    %pushi/vec4 48, 0, 8; draw_string_vec4
    %store/vec4 v000002200d3bcdc0_0, 0, 8;
    %delay 2000, 0;
    %pushi/vec4 48, 0, 8; draw_string_vec4
    %store/vec4 v000002200d3bcdc0_0, 0, 8;
    %delay 2000, 0;
    %pushi/vec4 48, 0, 8; draw_string_vec4
    %store/vec4 v000002200d3bcdc0_0, 0, 8;
    %delay 2000, 0;
    %pushi/vec4 48, 0, 8; draw_string_vec4
    %store/vec4 v000002200d3bcdc0_0, 0, 8;
    %delay 2000, 0;
    %pushi/vec4 51, 0, 8; draw_string_vec4
    %store/vec4 v000002200d3bcdc0_0, 0, 8;
    %delay 2000, 0;
    %pushi/vec4 49, 0, 8; draw_string_vec4
    %store/vec4 v000002200d3bcdc0_0, 0, 8;
    %delay 2000, 0;
    %pushi/vec4 51, 0, 8; draw_string_vec4
    %store/vec4 v000002200d3bcdc0_0, 0, 8;
    %delay 2000, 0;
    %pushi/vec4 48, 0, 8; draw_string_vec4
    %store/vec4 v000002200d3bcdc0_0, 0, 8;
    %delay 2000, 0;
    %pushi/vec4 58, 0, 8; draw_string_vec4
    %store/vec4 v000002200d3bcdc0_0, 0, 8;
    %delay 2000, 0;
    %pushi/vec4 32, 0, 8; draw_string_vec4
    %store/vec4 v000002200d3bcdc0_0, 0, 8;
    %delay 2000, 0;
    %pushi/vec4 42, 0, 8; draw_string_vec4
    %store/vec4 v000002200d3bcdc0_0, 0, 8;
    %delay 2000, 0;
    %pushi/vec4 48, 0, 8; draw_string_vec4
    %store/vec4 v000002200d3bcdc0_0, 0, 8;
    %delay 2000, 0;
    %pushi/vec4 48, 0, 8; draw_string_vec4
    %store/vec4 v000002200d3bcdc0_0, 0, 8;
    %delay 2000, 0;
    %pushi/vec4 48, 0, 8; draw_string_vec4
    %store/vec4 v000002200d3bcdc0_0, 0, 8;
    %delay 2000, 0;
    %pushi/vec4 48, 0, 8; draw_string_vec4
    %store/vec4 v000002200d3bcdc0_0, 0, 8;
    %delay 2000, 0;
    %pushi/vec4 48, 0, 8; draw_string_vec4
    %store/vec4 v000002200d3bcdc0_0, 0, 8;
    %delay 2000, 0;
    %pushi/vec4 48, 0, 8; draw_string_vec4
    %store/vec4 v000002200d3bcdc0_0, 0, 8;
    %delay 2000, 0;
    %pushi/vec4 56, 0, 8; draw_string_vec4
    %store/vec4 v000002200d3bcdc0_0, 0, 8;
    %delay 2000, 0;
    %pushi/vec4 56, 0, 8; draw_string_vec4
    %store/vec4 v000002200d3bcdc0_0, 0, 8;
    %delay 2000, 0;
    %pushi/vec4 32, 0, 8; draw_string_vec4
    %store/vec4 v000002200d3bcdc0_0, 0, 8;
    %delay 2000, 0;
    %pushi/vec4 60, 0, 8; draw_string_vec4
    %store/vec4 v000002200d3bcdc0_0, 0, 8;
    %delay 2000, 0;
    %pushi/vec4 61, 0, 8; draw_string_vec4
    %store/vec4 v000002200d3bcdc0_0, 0, 8;
    %delay 2000, 0;
    %pushi/vec4 35, 0, 8; draw_string_vec4
    %store/vec4 v000002200d3bcdc0_0, 0, 8;
    %delay 2000, 0;
    %pushi/vec4 94, 0, 8; draw_string_vec4
    %store/vec4 v000002200d3bcdc0_0, 0, 8;
    %delay 2000, 0;
    %pushi/vec4 51, 0, 8; draw_string_vec4
    %store/vec4 v000002200d3bcdc0_0, 0, 8;
    %delay 2000, 0;
    %pushi/vec4 51, 0, 8; draw_string_vec4
    %store/vec4 v000002200d3bcdc0_0, 0, 8;
    %delay 2000, 0;
    %pushi/vec4 56, 0, 8; draw_string_vec4
    %store/vec4 v000002200d3bcdc0_0, 0, 8;
    %delay 2000, 0;
    %pushi/vec4 64, 0, 8; draw_string_vec4
    %store/vec4 v000002200d3bcdc0_0, 0, 8;
    %delay 2000, 0;
    %pushi/vec4 48, 0, 8; draw_string_vec4
    %store/vec4 v000002200d3bcdc0_0, 0, 8;
    %delay 2000, 0;
    %pushi/vec4 48, 0, 8; draw_string_vec4
    %store/vec4 v000002200d3bcdc0_0, 0, 8;
    %delay 2000, 0;
    %pushi/vec4 48, 0, 8; draw_string_vec4
    %store/vec4 v000002200d3bcdc0_0, 0, 8;
    %delay 2000, 0;
    %pushi/vec4 48, 0, 8; draw_string_vec4
    %store/vec4 v000002200d3bcdc0_0, 0, 8;
    %delay 2000, 0;
    %pushi/vec4 51, 0, 8; draw_string_vec4
    %store/vec4 v000002200d3bcdc0_0, 0, 8;
    %delay 2000, 0;
    %pushi/vec4 49, 0, 8; draw_string_vec4
    %store/vec4 v000002200d3bcdc0_0, 0, 8;
    %delay 2000, 0;
    %pushi/vec4 51, 0, 8; draw_string_vec4
    %store/vec4 v000002200d3bcdc0_0, 0, 8;
    %delay 2000, 0;
    %pushi/vec4 48, 0, 8; draw_string_vec4
    %store/vec4 v000002200d3bcdc0_0, 0, 8;
    %delay 2000, 0;
    %pushi/vec4 58, 0, 8; draw_string_vec4
    %store/vec4 v000002200d3bcdc0_0, 0, 8;
    %delay 2000, 0;
    %pushi/vec4 32, 0, 8; draw_string_vec4
    %store/vec4 v000002200d3bcdc0_0, 0, 8;
    %delay 2000, 0;
    %pushi/vec4 42, 0, 8; draw_string_vec4
    %store/vec4 v000002200d3bcdc0_0, 0, 8;
    %delay 2000, 0;
    %pushi/vec4 48, 0, 8; draw_string_vec4
    %store/vec4 v000002200d3bcdc0_0, 0, 8;
    %delay 2000, 0;
    %pushi/vec4 48, 0, 8; draw_string_vec4
    %store/vec4 v000002200d3bcdc0_0, 0, 8;
    %delay 2000, 0;
    %pushi/vec4 48, 0, 8; draw_string_vec4
    %store/vec4 v000002200d3bcdc0_0, 0, 8;
    %delay 2000, 0;
    %pushi/vec4 48, 0, 8; draw_string_vec4
    %store/vec4 v000002200d3bcdc0_0, 0, 8;
    %delay 2000, 0;
    %pushi/vec4 48, 0, 8; draw_string_vec4
    %store/vec4 v000002200d3bcdc0_0, 0, 8;
    %delay 2000, 0;
    %pushi/vec4 48, 0, 8; draw_string_vec4
    %store/vec4 v000002200d3bcdc0_0, 0, 8;
    %delay 2000, 0;
    %pushi/vec4 56, 0, 8; draw_string_vec4
    %store/vec4 v000002200d3bcdc0_0, 0, 8;
    %delay 2000, 0;
    %pushi/vec4 56, 0, 8; draw_string_vec4
    %store/vec4 v000002200d3bcdc0_0, 0, 8;
    %delay 2000, 0;
    %pushi/vec4 32, 0, 8; draw_string_vec4
    %store/vec4 v000002200d3bcdc0_0, 0, 8;
    %delay 2000, 0;
    %pushi/vec4 60, 0, 8; draw_string_vec4
    %store/vec4 v000002200d3bcdc0_0, 0, 8;
    %delay 2000, 0;
    %pushi/vec4 61, 0, 8; draw_string_vec4
    %store/vec4 v000002200d3bcdc0_0, 0, 8;
    %delay 2000, 0;
    %pushi/vec4 32, 0, 8; draw_string_vec4
    %store/vec4 v000002200d3bcdc0_0, 0, 8;
    %delay 2000, 0;
    %pushi/vec4 102, 0, 8; draw_string_vec4
    %store/vec4 v000002200d3bcdc0_0, 0, 8;
    %delay 2000, 0;
    %pushi/vec4 102, 0, 8; draw_string_vec4
    %store/vec4 v000002200d3bcdc0_0, 0, 8;
    %delay 2000, 0;
    %pushi/vec4 102, 0, 8; draw_string_vec4
    %store/vec4 v000002200d3bcdc0_0, 0, 8;
    %delay 2000, 0;
    %pushi/vec4 102, 0, 8; draw_string_vec4
    %store/vec4 v000002200d3bcdc0_0, 0, 8;
    %delay 2000, 0;
    %pushi/vec4 98, 0, 8; draw_string_vec4
    %store/vec4 v000002200d3bcdc0_0, 0, 8;
    %delay 2000, 0;
    %pushi/vec4 53, 0, 8; draw_string_vec4
    %store/vec4 v000002200d3bcdc0_0, 0, 8;
    %delay 2000, 0;
    %pushi/vec4 50, 0, 8; draw_string_vec4
    %store/vec4 v000002200d3bcdc0_0, 0, 8;
    %delay 2000, 0;
    %pushi/vec4 56, 0, 8; draw_string_vec4
    %store/vec4 v000002200d3bcdc0_0, 0, 8;
    %delay 2000, 0;
    %pushi/vec4 49, 0, 8; draw_string_vec4
    %store/vec4 v000002200d3bcdc0_0, 0, 8;
    %delay 2000, 0;
    %pushi/vec4 50, 0, 8; draw_string_vec4
    %store/vec4 v000002200d3bcdc0_0, 0, 8;
    %delay 2000, 0;
    %pushi/vec4 35, 0, 8; draw_string_vec4
    %store/vec4 v000002200d3bcdc0_0, 0, 8;
    %delay 2000, 0;
    %pushi/vec4 94, 0, 8; draw_string_vec4
    %store/vec4 v000002200d3bcdc0_0, 0, 8;
    %delay 2000, 0;
    %pushi/vec4 51, 0, 8; draw_string_vec4
    %store/vec4 v000002200d3bcdc0_0, 0, 8;
    %delay 2000, 0;
    %pushi/vec4 51, 0, 8; draw_string_vec4
    %store/vec4 v000002200d3bcdc0_0, 0, 8;
    %delay 2000, 0;
    %pushi/vec4 56, 0, 8; draw_string_vec4
    %store/vec4 v000002200d3bcdc0_0, 0, 8;
    %delay 2000, 0;
    %pushi/vec4 64, 0, 8; draw_string_vec4
    %store/vec4 v000002200d3bcdc0_0, 0, 8;
    %delay 2000, 0;
    %pushi/vec4 48, 0, 8; draw_string_vec4
    %store/vec4 v000002200d3bcdc0_0, 0, 8;
    %delay 2000, 0;
    %pushi/vec4 48, 0, 8; draw_string_vec4
    %store/vec4 v000002200d3bcdc0_0, 0, 8;
    %delay 2000, 0;
    %pushi/vec4 48, 0, 8; draw_string_vec4
    %store/vec4 v000002200d3bcdc0_0, 0, 8;
    %delay 2000, 0;
    %pushi/vec4 48, 0, 8; draw_string_vec4
    %store/vec4 v000002200d3bcdc0_0, 0, 8;
    %delay 2000, 0;
    %pushi/vec4 51, 0, 8; draw_string_vec4
    %store/vec4 v000002200d3bcdc0_0, 0, 8;
    %delay 2000, 0;
    %pushi/vec4 49, 0, 8; draw_string_vec4
    %store/vec4 v000002200d3bcdc0_0, 0, 8;
    %delay 2000, 0;
    %pushi/vec4 51, 0, 8; draw_string_vec4
    %store/vec4 v000002200d3bcdc0_0, 0, 8;
    %delay 2000, 0;
    %pushi/vec4 48, 0, 8; draw_string_vec4
    %store/vec4 v000002200d3bcdc0_0, 0, 8;
    %delay 2000, 0;
    %pushi/vec4 58, 0, 8; draw_string_vec4
    %store/vec4 v000002200d3bcdc0_0, 0, 8;
    %delay 2000, 0;
    %pushi/vec4 32, 0, 8; draw_string_vec4
    %store/vec4 v000002200d3bcdc0_0, 0, 8;
    %delay 2000, 0;
    %pushi/vec4 42, 0, 8; draw_string_vec4
    %store/vec4 v000002200d3bcdc0_0, 0, 8;
    %delay 2000, 0;
    %pushi/vec4 48, 0, 8; draw_string_vec4
    %store/vec4 v000002200d3bcdc0_0, 0, 8;
    %delay 2000, 0;
    %pushi/vec4 48, 0, 8; draw_string_vec4
    %store/vec4 v000002200d3bcdc0_0, 0, 8;
    %delay 2000, 0;
    %pushi/vec4 48, 0, 8; draw_string_vec4
    %store/vec4 v000002200d3bcdc0_0, 0, 8;
    %delay 2000, 0;
    %pushi/vec4 48, 0, 8; draw_string_vec4
    %store/vec4 v000002200d3bcdc0_0, 0, 8;
    %delay 2000, 0;
    %pushi/vec4 48, 0, 8; draw_string_vec4
    %store/vec4 v000002200d3bcdc0_0, 0, 8;
    %delay 2000, 0;
    %pushi/vec4 48, 0, 8; draw_string_vec4
    %store/vec4 v000002200d3bcdc0_0, 0, 8;
    %delay 2000, 0;
    %pushi/vec4 56, 0, 8; draw_string_vec4
    %store/vec4 v000002200d3bcdc0_0, 0, 8;
    %delay 2000, 0;
    %pushi/vec4 56, 0, 8; draw_string_vec4
    %store/vec4 v000002200d3bcdc0_0, 0, 8;
    %delay 2000, 0;
    %pushi/vec4 32, 0, 8; draw_string_vec4
    %store/vec4 v000002200d3bcdc0_0, 0, 8;
    %delay 2000, 0;
    %pushi/vec4 60, 0, 8; draw_string_vec4
    %store/vec4 v000002200d3bcdc0_0, 0, 8;
    %delay 2000, 0;
    %pushi/vec4 61, 0, 8; draw_string_vec4
    %store/vec4 v000002200d3bcdc0_0, 0, 8;
    %delay 2000, 0;
    %pushi/vec4 32, 0, 8; draw_string_vec4
    %store/vec4 v000002200d3bcdc0_0, 0, 8;
    %delay 2000, 0;
    %pushi/vec4 102, 0, 8; draw_string_vec4
    %store/vec4 v000002200d3bcdc0_0, 0, 8;
    %delay 2000, 0;
    %pushi/vec4 102, 0, 8; draw_string_vec4
    %store/vec4 v000002200d3bcdc0_0, 0, 8;
    %delay 2000, 0;
    %pushi/vec4 102, 0, 8; draw_string_vec4
    %store/vec4 v000002200d3bcdc0_0, 0, 8;
    %delay 2000, 0;
    %pushi/vec4 102, 0, 8; draw_string_vec4
    %store/vec4 v000002200d3bcdc0_0, 0, 8;
    %delay 2000, 0;
    %pushi/vec4 98, 0, 8; draw_string_vec4
    %store/vec4 v000002200d3bcdc0_0, 0, 8;
    %delay 2000, 0;
    %pushi/vec4 53, 0, 8; draw_string_vec4
    %store/vec4 v000002200d3bcdc0_0, 0, 8;
    %delay 2000, 0;
    %pushi/vec4 50, 0, 8; draw_string_vec4
    %store/vec4 v000002200d3bcdc0_0, 0, 8;
    %delay 2000, 0;
    %pushi/vec4 35, 0, 8; draw_string_vec4
    %store/vec4 v000002200d3bcdc0_0, 0, 8;
    %delay 2000, 0;
    %pushi/vec4 94, 0, 8; draw_string_vec4
    %store/vec4 v000002200d3bcdc0_0, 0, 8;
    %delay 2000, 0;
    %pushi/vec4 51, 0, 8; draw_string_vec4
    %store/vec4 v000002200d3bcdc0_0, 0, 8;
    %delay 2000, 0;
    %pushi/vec4 51, 0, 8; draw_string_vec4
    %store/vec4 v000002200d3bcdc0_0, 0, 8;
    %delay 2000, 0;
    %pushi/vec4 56, 0, 8; draw_string_vec4
    %store/vec4 v000002200d3bcdc0_0, 0, 8;
    %delay 2000, 0;
    %pushi/vec4 64, 0, 8; draw_string_vec4
    %store/vec4 v000002200d3bcdc0_0, 0, 8;
    %delay 2000, 0;
    %pushi/vec4 48, 0, 8; draw_string_vec4
    %store/vec4 v000002200d3bcdc0_0, 0, 8;
    %delay 2000, 0;
    %pushi/vec4 48, 0, 8; draw_string_vec4
    %store/vec4 v000002200d3bcdc0_0, 0, 8;
    %delay 2000, 0;
    %pushi/vec4 48, 0, 8; draw_string_vec4
    %store/vec4 v000002200d3bcdc0_0, 0, 8;
    %delay 2000, 0;
    %pushi/vec4 48, 0, 8; draw_string_vec4
    %store/vec4 v000002200d3bcdc0_0, 0, 8;
    %delay 2000, 0;
    %pushi/vec4 51, 0, 8; draw_string_vec4
    %store/vec4 v000002200d3bcdc0_0, 0, 8;
    %delay 2000, 0;
    %pushi/vec4 49, 0, 8; draw_string_vec4
    %store/vec4 v000002200d3bcdc0_0, 0, 8;
    %delay 2000, 0;
    %pushi/vec4 51, 0, 8; draw_string_vec4
    %store/vec4 v000002200d3bcdc0_0, 0, 8;
    %delay 2000, 0;
    %pushi/vec4 48, 0, 8; draw_string_vec4
    %store/vec4 v000002200d3bcdc0_0, 0, 8;
    %delay 2000, 0;
    %pushi/vec4 58, 0, 8; draw_string_vec4
    %store/vec4 v000002200d3bcdc0_0, 0, 8;
    %delay 2000, 0;
    %pushi/vec4 32, 0, 8; draw_string_vec4
    %store/vec4 v000002200d3bcdc0_0, 0, 8;
    %delay 2000, 0;
    %pushi/vec4 42, 0, 8; draw_string_vec4
    %store/vec4 v000002200d3bcdc0_0, 0, 8;
    %delay 2000, 0;
    %pushi/vec4 48, 0, 8; draw_string_vec4
    %store/vec4 v000002200d3bcdc0_0, 0, 8;
    %delay 2000, 0;
    %pushi/vec4 48, 0, 8; draw_string_vec4
    %store/vec4 v000002200d3bcdc0_0, 0, 8;
    %delay 2000, 0;
    %pushi/vec4 48, 0, 8; draw_string_vec4
    %store/vec4 v000002200d3bcdc0_0, 0, 8;
    %delay 2000, 0;
    %pushi/vec4 48, 0, 8; draw_string_vec4
    %store/vec4 v000002200d3bcdc0_0, 0, 8;
    %delay 2000, 0;
    %pushi/vec4 48, 0, 8; draw_string_vec4
    %store/vec4 v000002200d3bcdc0_0, 0, 8;
    %delay 2000, 0;
    %pushi/vec4 48, 0, 8; draw_string_vec4
    %store/vec4 v000002200d3bcdc0_0, 0, 8;
    %delay 2000, 0;
    %pushi/vec4 56, 0, 8; draw_string_vec4
    %store/vec4 v000002200d3bcdc0_0, 0, 8;
    %delay 2000, 0;
    %pushi/vec4 56, 0, 8; draw_string_vec4
    %store/vec4 v000002200d3bcdc0_0, 0, 8;
    %delay 2000, 0;
    %pushi/vec4 32, 0, 8; draw_string_vec4
    %store/vec4 v000002200d3bcdc0_0, 0, 8;
    %delay 2000, 0;
    %pushi/vec4 60, 0, 8; draw_string_vec4
    %store/vec4 v000002200d3bcdc0_0, 0, 8;
    %delay 2000, 0;
    %pushi/vec4 61, 0, 8; draw_string_vec4
    %store/vec4 v000002200d3bcdc0_0, 0, 8;
    %delay 2000, 0;
    %pushi/vec4 32, 0, 8; draw_string_vec4
    %store/vec4 v000002200d3bcdc0_0, 0, 8;
    %delay 2000, 0;
    %pushi/vec4 102, 0, 8; draw_string_vec4
    %store/vec4 v000002200d3bcdc0_0, 0, 8;
    %delay 2000, 0;
    %pushi/vec4 102, 0, 8; draw_string_vec4
    %store/vec4 v000002200d3bcdc0_0, 0, 8;
    %delay 2000, 0;
    %pushi/vec4 102, 0, 8; draw_string_vec4
    %store/vec4 v000002200d3bcdc0_0, 0, 8;
    %delay 2000, 0;
    %pushi/vec4 102, 0, 8; draw_string_vec4
    %store/vec4 v000002200d3bcdc0_0, 0, 8;
    %delay 2000, 0;
    %pushi/vec4 66, 0, 8; draw_string_vec4
    %store/vec4 v000002200d3bcdc0_0, 0, 8;
    %delay 2000, 0;
    %pushi/vec4 53, 0, 8; draw_string_vec4
    %store/vec4 v000002200d3bcdc0_0, 0, 8;
    %delay 2000, 0;
    %pushi/vec4 50, 0, 8; draw_string_vec4
    %store/vec4 v000002200d3bcdc0_0, 0, 8;
    %delay 2000, 0;
    %pushi/vec4 56, 0, 8; draw_string_vec4
    %store/vec4 v000002200d3bcdc0_0, 0, 8;
    %delay 2000, 0;
    %pushi/vec4 35, 0, 8; draw_string_vec4
    %store/vec4 v000002200d3bcdc0_0, 0, 8;
    %delay 2000, 0;
    %pushi/vec4 94, 0, 8; draw_string_vec4
    %store/vec4 v000002200d3bcdc0_0, 0, 8;
    %delay 2000, 0;
    %pushi/vec4 51, 0, 8; draw_string_vec4
    %store/vec4 v000002200d3bcdc0_0, 0, 8;
    %delay 2000, 0;
    %pushi/vec4 51, 0, 8; draw_string_vec4
    %store/vec4 v000002200d3bcdc0_0, 0, 8;
    %delay 2000, 0;
    %pushi/vec4 56, 0, 8; draw_string_vec4
    %store/vec4 v000002200d3bcdc0_0, 0, 8;
    %delay 2000, 0;
    %pushi/vec4 64, 0, 8; draw_string_vec4
    %store/vec4 v000002200d3bcdc0_0, 0, 8;
    %delay 2000, 0;
    %pushi/vec4 48, 0, 8; draw_string_vec4
    %store/vec4 v000002200d3bcdc0_0, 0, 8;
    %delay 2000, 0;
    %pushi/vec4 48, 0, 8; draw_string_vec4
    %store/vec4 v000002200d3bcdc0_0, 0, 8;
    %delay 2000, 0;
    %pushi/vec4 48, 0, 8; draw_string_vec4
    %store/vec4 v000002200d3bcdc0_0, 0, 8;
    %delay 2000, 0;
    %pushi/vec4 48, 0, 8; draw_string_vec4
    %store/vec4 v000002200d3bcdc0_0, 0, 8;
    %delay 2000, 0;
    %pushi/vec4 51, 0, 8; draw_string_vec4
    %store/vec4 v000002200d3bcdc0_0, 0, 8;
    %delay 2000, 0;
    %pushi/vec4 49, 0, 8; draw_string_vec4
    %store/vec4 v000002200d3bcdc0_0, 0, 8;
    %delay 2000, 0;
    %pushi/vec4 51, 0, 8; draw_string_vec4
    %store/vec4 v000002200d3bcdc0_0, 0, 8;
    %delay 2000, 0;
    %pushi/vec4 48, 0, 8; draw_string_vec4
    %store/vec4 v000002200d3bcdc0_0, 0, 8;
    %delay 2000, 0;
    %pushi/vec4 58, 0, 8; draw_string_vec4
    %store/vec4 v000002200d3bcdc0_0, 0, 8;
    %delay 2000, 0;
    %pushi/vec4 32, 0, 8; draw_string_vec4
    %store/vec4 v000002200d3bcdc0_0, 0, 8;
    %delay 2000, 0;
    %pushi/vec4 42, 0, 8; draw_string_vec4
    %store/vec4 v000002200d3bcdc0_0, 0, 8;
    %delay 2000, 0;
    %pushi/vec4 48, 0, 8; draw_string_vec4
    %store/vec4 v000002200d3bcdc0_0, 0, 8;
    %delay 2000, 0;
    %pushi/vec4 48, 0, 8; draw_string_vec4
    %store/vec4 v000002200d3bcdc0_0, 0, 8;
    %delay 2000, 0;
    %pushi/vec4 48, 0, 8; draw_string_vec4
    %store/vec4 v000002200d3bcdc0_0, 0, 8;
    %delay 2000, 0;
    %pushi/vec4 48, 0, 8; draw_string_vec4
    %store/vec4 v000002200d3bcdc0_0, 0, 8;
    %delay 2000, 0;
    %pushi/vec4 48, 0, 8; draw_string_vec4
    %store/vec4 v000002200d3bcdc0_0, 0, 8;
    %delay 2000, 0;
    %pushi/vec4 48, 0, 8; draw_string_vec4
    %store/vec4 v000002200d3bcdc0_0, 0, 8;
    %delay 2000, 0;
    %pushi/vec4 56, 0, 8; draw_string_vec4
    %store/vec4 v000002200d3bcdc0_0, 0, 8;
    %delay 2000, 0;
    %pushi/vec4 56, 0, 8; draw_string_vec4
    %store/vec4 v000002200d3bcdc0_0, 0, 8;
    %delay 2000, 0;
    %pushi/vec4 32, 0, 8; draw_string_vec4
    %store/vec4 v000002200d3bcdc0_0, 0, 8;
    %delay 2000, 0;
    %pushi/vec4 60, 0, 8; draw_string_vec4
    %store/vec4 v000002200d3bcdc0_0, 0, 8;
    %delay 2000, 0;
    %pushi/vec4 61, 0, 8; draw_string_vec4
    %store/vec4 v000002200d3bcdc0_0, 0, 8;
    %delay 2000, 0;
    %pushi/vec4 32, 0, 8; draw_string_vec4
    %store/vec4 v000002200d3bcdc0_0, 0, 8;
    %delay 2000, 0;
    %pushi/vec4 102, 0, 8; draw_string_vec4
    %store/vec4 v000002200d3bcdc0_0, 0, 8;
    %delay 2000, 0;
    %pushi/vec4 102, 0, 8; draw_string_vec4
    %store/vec4 v000002200d3bcdc0_0, 0, 8;
    %delay 2000, 0;
    %pushi/vec4 102, 0, 8; draw_string_vec4
    %store/vec4 v000002200d3bcdc0_0, 0, 8;
    %delay 2000, 0;
    %pushi/vec4 102, 0, 8; draw_string_vec4
    %store/vec4 v000002200d3bcdc0_0, 0, 8;
    %delay 2000, 0;
    %pushi/vec4 98, 0, 8; draw_string_vec4
    %store/vec4 v000002200d3bcdc0_0, 0, 8;
    %delay 2000, 0;
    %pushi/vec4 53, 0, 8; draw_string_vec4
    %store/vec4 v000002200d3bcdc0_0, 0, 8;
    %delay 2000, 0;
    %pushi/vec4 50, 0, 8; draw_string_vec4
    %store/vec4 v000002200d3bcdc0_0, 0, 8;
    %delay 2000, 0;
    %pushi/vec4 66, 0, 8; draw_string_vec4
    %store/vec4 v000002200d3bcdc0_0, 0, 8;
    %delay 2000, 0;
    %pushi/vec4 35, 0, 8; draw_string_vec4
    %store/vec4 v000002200d3bcdc0_0, 0, 8;
    %delay 2000, 0;
    %pushi/vec4 94, 0, 8; draw_string_vec4
    %store/vec4 v000002200d3bcdc0_0, 0, 8;
    %delay 2000, 0;
    %pushi/vec4 51, 0, 8; draw_string_vec4
    %store/vec4 v000002200d3bcdc0_0, 0, 8;
    %delay 2000, 0;
    %pushi/vec4 51, 0, 8; draw_string_vec4
    %store/vec4 v000002200d3bcdc0_0, 0, 8;
    %delay 2000, 0;
    %pushi/vec4 56, 0, 8; draw_string_vec4
    %store/vec4 v000002200d3bcdc0_0, 0, 8;
    %delay 2000, 0;
    %pushi/vec4 64, 0, 8; draw_string_vec4
    %store/vec4 v000002200d3bcdc0_0, 0, 8;
    %delay 2000, 0;
    %pushi/vec4 48, 0, 8; draw_string_vec4
    %store/vec4 v000002200d3bcdc0_0, 0, 8;
    %delay 2000, 0;
    %pushi/vec4 48, 0, 8; draw_string_vec4
    %store/vec4 v000002200d3bcdc0_0, 0, 8;
    %delay 2000, 0;
    %pushi/vec4 48, 0, 8; draw_string_vec4
    %store/vec4 v000002200d3bcdc0_0, 0, 8;
    %delay 2000, 0;
    %pushi/vec4 48, 0, 8; draw_string_vec4
    %store/vec4 v000002200d3bcdc0_0, 0, 8;
    %delay 2000, 0;
    %pushi/vec4 51, 0, 8; draw_string_vec4
    %store/vec4 v000002200d3bcdc0_0, 0, 8;
    %delay 2000, 0;
    %pushi/vec4 49, 0, 8; draw_string_vec4
    %store/vec4 v000002200d3bcdc0_0, 0, 8;
    %delay 2000, 0;
    %pushi/vec4 51, 0, 8; draw_string_vec4
    %store/vec4 v000002200d3bcdc0_0, 0, 8;
    %delay 2000, 0;
    %pushi/vec4 48, 0, 8; draw_string_vec4
    %store/vec4 v000002200d3bcdc0_0, 0, 8;
    %delay 2000, 0;
    %pushi/vec4 58, 0, 8; draw_string_vec4
    %store/vec4 v000002200d3bcdc0_0, 0, 8;
    %delay 2000, 0;
    %pushi/vec4 32, 0, 8; draw_string_vec4
    %store/vec4 v000002200d3bcdc0_0, 0, 8;
    %delay 2000, 0;
    %pushi/vec4 42, 0, 8; draw_string_vec4
    %store/vec4 v000002200d3bcdc0_0, 0, 8;
    %delay 2000, 0;
    %pushi/vec4 48, 0, 8; draw_string_vec4
    %store/vec4 v000002200d3bcdc0_0, 0, 8;
    %delay 2000, 0;
    %pushi/vec4 48, 0, 8; draw_string_vec4
    %store/vec4 v000002200d3bcdc0_0, 0, 8;
    %delay 2000, 0;
    %pushi/vec4 48, 0, 8; draw_string_vec4
    %store/vec4 v000002200d3bcdc0_0, 0, 8;
    %delay 2000, 0;
    %pushi/vec4 48, 0, 8; draw_string_vec4
    %store/vec4 v000002200d3bcdc0_0, 0, 8;
    %delay 2000, 0;
    %pushi/vec4 48, 0, 8; draw_string_vec4
    %store/vec4 v000002200d3bcdc0_0, 0, 8;
    %delay 2000, 0;
    %pushi/vec4 48, 0, 8; draw_string_vec4
    %store/vec4 v000002200d3bcdc0_0, 0, 8;
    %delay 2000, 0;
    %pushi/vec4 56, 0, 8; draw_string_vec4
    %store/vec4 v000002200d3bcdc0_0, 0, 8;
    %delay 2000, 0;
    %pushi/vec4 56, 0, 8; draw_string_vec4
    %store/vec4 v000002200d3bcdc0_0, 0, 8;
    %delay 2000, 0;
    %pushi/vec4 32, 0, 8; draw_string_vec4
    %store/vec4 v000002200d3bcdc0_0, 0, 8;
    %delay 2000, 0;
    %pushi/vec4 60, 0, 8; draw_string_vec4
    %store/vec4 v000002200d3bcdc0_0, 0, 8;
    %delay 2000, 0;
    %pushi/vec4 61, 0, 8; draw_string_vec4
    %store/vec4 v000002200d3bcdc0_0, 0, 8;
    %delay 2000, 0;
    %pushi/vec4 32, 0, 8; draw_string_vec4
    %store/vec4 v000002200d3bcdc0_0, 0, 8;
    %delay 2000, 0;
    %pushi/vec4 102, 0, 8; draw_string_vec4
    %store/vec4 v000002200d3bcdc0_0, 0, 8;
    %delay 2000, 0;
    %pushi/vec4 102, 0, 8; draw_string_vec4
    %store/vec4 v000002200d3bcdc0_0, 0, 8;
    %delay 2000, 0;
    %pushi/vec4 102, 0, 8; draw_string_vec4
    %store/vec4 v000002200d3bcdc0_0, 0, 8;
    %delay 2000, 0;
    %pushi/vec4 102, 0, 8; draw_string_vec4
    %store/vec4 v000002200d3bcdc0_0, 0, 8;
    %delay 2000, 0;
    %pushi/vec4 98, 0, 8; draw_string_vec4
    %store/vec4 v000002200d3bcdc0_0, 0, 8;
    %delay 2000, 0;
    %pushi/vec4 53, 0, 8; draw_string_vec4
    %store/vec4 v000002200d3bcdc0_0, 0, 8;
    %delay 2000, 0;
    %pushi/vec4 50, 0, 8; draw_string_vec4
    %store/vec4 v000002200d3bcdc0_0, 0, 8;
    %delay 2000, 0;
    %pushi/vec4 66, 0, 8; draw_string_vec4
    %store/vec4 v000002200d3bcdc0_0, 0, 8;
    %delay 2000, 0;
    %pushi/vec4 35, 0, 8; draw_string_vec4
    %store/vec4 v000002200d3bcdc0_0, 0, 8;
    %delay 2000, 0;
    %pushi/vec4 94, 0, 8; draw_string_vec4
    %store/vec4 v000002200d3bcdc0_0, 0, 8;
    %delay 2000, 0;
    %pushi/vec4 51, 0, 8; draw_string_vec4
    %store/vec4 v000002200d3bcdc0_0, 0, 8;
    %delay 2000, 0;
    %pushi/vec4 51, 0, 8; draw_string_vec4
    %store/vec4 v000002200d3bcdc0_0, 0, 8;
    %delay 2000, 0;
    %pushi/vec4 56, 0, 8; draw_string_vec4
    %store/vec4 v000002200d3bcdc0_0, 0, 8;
    %delay 2000, 0;
    %pushi/vec4 64, 0, 8; draw_string_vec4
    %store/vec4 v000002200d3bcdc0_0, 0, 8;
    %delay 2000, 0;
    %pushi/vec4 48, 0, 8; draw_string_vec4
    %store/vec4 v000002200d3bcdc0_0, 0, 8;
    %delay 2000, 0;
    %pushi/vec4 48, 0, 8; draw_string_vec4
    %store/vec4 v000002200d3bcdc0_0, 0, 8;
    %delay 2000, 0;
    %pushi/vec4 48, 0, 8; draw_string_vec4
    %store/vec4 v000002200d3bcdc0_0, 0, 8;
    %delay 2000, 0;
    %pushi/vec4 48, 0, 8; draw_string_vec4
    %store/vec4 v000002200d3bcdc0_0, 0, 8;
    %delay 2000, 0;
    %pushi/vec4 51, 0, 8; draw_string_vec4
    %store/vec4 v000002200d3bcdc0_0, 0, 8;
    %delay 2000, 0;
    %pushi/vec4 49, 0, 8; draw_string_vec4
    %store/vec4 v000002200d3bcdc0_0, 0, 8;
    %delay 2000, 0;
    %pushi/vec4 51, 0, 8; draw_string_vec4
    %store/vec4 v000002200d3bcdc0_0, 0, 8;
    %delay 2000, 0;
    %pushi/vec4 48, 0, 8; draw_string_vec4
    %store/vec4 v000002200d3bcdc0_0, 0, 8;
    %delay 2000, 0;
    %pushi/vec4 58, 0, 8; draw_string_vec4
    %store/vec4 v000002200d3bcdc0_0, 0, 8;
    %delay 2000, 0;
    %pushi/vec4 32, 0, 8; draw_string_vec4
    %store/vec4 v000002200d3bcdc0_0, 0, 8;
    %delay 2000, 0;
    %pushi/vec4 42, 0, 8; draw_string_vec4
    %store/vec4 v000002200d3bcdc0_0, 0, 8;
    %delay 2000, 0;
    %pushi/vec4 48, 0, 8; draw_string_vec4
    %store/vec4 v000002200d3bcdc0_0, 0, 8;
    %delay 2000, 0;
    %pushi/vec4 48, 0, 8; draw_string_vec4
    %store/vec4 v000002200d3bcdc0_0, 0, 8;
    %delay 2000, 0;
    %pushi/vec4 48, 0, 8; draw_string_vec4
    %store/vec4 v000002200d3bcdc0_0, 0, 8;
    %delay 2000, 0;
    %pushi/vec4 48, 0, 8; draw_string_vec4
    %store/vec4 v000002200d3bcdc0_0, 0, 8;
    %delay 2000, 0;
    %pushi/vec4 48, 0, 8; draw_string_vec4
    %store/vec4 v000002200d3bcdc0_0, 0, 8;
    %delay 2000, 0;
    %pushi/vec4 48, 0, 8; draw_string_vec4
    %store/vec4 v000002200d3bcdc0_0, 0, 8;
    %delay 2000, 0;
    %pushi/vec4 56, 0, 8; draw_string_vec4
    %store/vec4 v000002200d3bcdc0_0, 0, 8;
    %delay 2000, 0;
    %pushi/vec4 56, 0, 8; draw_string_vec4
    %store/vec4 v000002200d3bcdc0_0, 0, 8;
    %delay 2000, 0;
    %pushi/vec4 32, 0, 8; draw_string_vec4
    %store/vec4 v000002200d3bcdc0_0, 0, 8;
    %delay 2000, 0;
    %pushi/vec4 60, 0, 8; draw_string_vec4
    %store/vec4 v000002200d3bcdc0_0, 0, 8;
    %delay 2000, 0;
    %pushi/vec4 61, 0, 8; draw_string_vec4
    %store/vec4 v000002200d3bcdc0_0, 0, 8;
    %delay 2000, 0;
    %pushi/vec4 32, 0, 8; draw_string_vec4
    %store/vec4 v000002200d3bcdc0_0, 0, 8;
    %delay 2000, 0;
    %pushi/vec4 102, 0, 8; draw_string_vec4
    %store/vec4 v000002200d3bcdc0_0, 0, 8;
    %delay 2000, 0;
    %pushi/vec4 102, 0, 8; draw_string_vec4
    %store/vec4 v000002200d3bcdc0_0, 0, 8;
    %delay 2000, 0;
    %pushi/vec4 102, 0, 8; draw_string_vec4
    %store/vec4 v000002200d3bcdc0_0, 0, 8;
    %delay 2000, 0;
    %pushi/vec4 102, 0, 8; draw_string_vec4
    %store/vec4 v000002200d3bcdc0_0, 0, 8;
    %delay 2000, 0;
    %pushi/vec4 98, 0, 8; draw_string_vec4
    %store/vec4 v000002200d3bcdc0_0, 0, 8;
    %delay 2000, 0;
    %pushi/vec4 53, 0, 8; draw_string_vec4
    %store/vec4 v000002200d3bcdc0_0, 0, 8;
    %delay 2000, 0;
    %pushi/vec4 50, 0, 8; draw_string_vec4
    %store/vec4 v000002200d3bcdc0_0, 0, 8;
    %delay 2000, 0;
    %pushi/vec4 66, 0, 8; draw_string_vec4
    %store/vec4 v000002200d3bcdc0_0, 0, 8;
    %delay 2000, 0;
    %pushi/vec4 32, 0, 8; draw_string_vec4
    %store/vec4 v000002200d3bcdc0_0, 0, 8;
    %delay 2000, 0;
    %pushi/vec4 35, 0, 8; draw_string_vec4
    %store/vec4 v000002200d3bcdc0_0, 0, 8;
    %delay 20000, 0;
    %pushi/vec4 1, 0, 1;
    %store/vec4 v000002200d3bcf00_0, 0, 1;
    %vpi_call 2 572 "$finish" {0 0 0};
    %end;
    .thread T_3;
    .scope S_000002200d2b2660;
T_4 ;
    %delay 1000, 0;
    %load/vec4 v000002200d3bce60_0;
    %inv;
    %store/vec4 v000002200d3bce60_0, 0, 1;
    %jmp T_4;
    .thread T_4;
# The file index is used to find the file name in the following table.
:file_names 4;
    "N/A";
    "<interactive>";
    "tb.v";
    "./cpu_checker.v";
